Log file open, 10/26/19 13:54:10
LogWindows: Failed to load 'aqProf.dll' (GetLastError=126)
LogWindows: File 'aqProf.dll' does not exist
LogWindows: Failed to load 'VtuneApi.dll' (GetLastError=126)
LogWindows: File 'VtuneApi.dll' does not exist
LogWindows: Failed to load 'VtuneApi32e.dll' (GetLastError=126)
LogWindows: File 'VtuneApi32e.dll' does not exist
LogConsoleResponse: Display: Failed to find resolution value strings in scalability ini. Falling back to default.
LogInit: Display: Running engine for game: BDC_VR2
LogPlatformFile: Not using cached read wrapper
LogTaskGraph: Started task graph with 5 named threads and 23 total threads with 3 sets of task threads.
LogStats: Stats thread started at 0.133440
LogD3D11RHI: Loaded GFSDK_Aftermath_Lib.x64.dll
LogICUInternationalization: ICU TimeZone Detection - Raw Offset: -5:00, Platform Override: ''
LogPluginManager: Mounting plugin Paper2D
LogPluginManager: Mounting plugin AISupport
LogPluginManager: Mounting plugin LightPropagationVolume
LogPluginManager: Mounting plugin ActorLayerUtilities
LogPluginManager: Mounting plugin AnimationSharing
LogPluginManager: Mounting plugin CLionSourceCodeAccess
LogPluginManager: Mounting plugin CodeLiteSourceCodeAccess
LogPluginManager: Mounting plugin GitSourceControl
LogPluginManager: Mounting plugin KDevelopSourceCodeAccess
LogPluginManager: Mounting plugin NullSourceCodeAccess
LogPluginManager: Mounting plugin PerforceSourceControl
LogPluginManager: Mounting plugin SubversionSourceControl
LogPluginManager: Mounting plugin UObjectPlugin
LogPluginManager: Mounting plugin VisualStudioCodeSourceCodeAccess
LogPluginManager: Mounting plugin VisualStudioSourceCodeAccess
LogPluginManager: Mounting plugin XCodeSourceCodeAccess
LogPluginManager: Mounting plugin AssetManagerEditor
LogPluginManager: Mounting plugin CryptoKeys
LogPluginManager: Mounting plugin CurveEditorTools
LogPluginManager: Mounting plugin DataValidation
LogPluginManager: Mounting plugin FacialAnimation
LogPluginManager: Mounting plugin GameplayTagsEditor
LogPluginManager: Mounting plugin MacGraphicsSwitching
LogPluginManager: Mounting plugin MaterialAnalyzer
LogPluginManager: Mounting plugin MobileLauncherProfileWizard
LogPluginManager: Mounting plugin PluginBrowser
LogPluginManager: Mounting plugin SpeedTreeImporter
LogPluginManager: Mounting plugin DatasmithContent
LogPluginManager: Mounting plugin VariantManagerContent
LogPluginManager: Mounting plugin AlembicImporter
LogPluginManager: Mounting plugin AutomationUtils
LogPluginManager: Mounting plugin BackChannel
LogPluginManager: Mounting plugin CharacterAI
LogPluginManager: Mounting plugin GeometryCache
LogPluginManager: Mounting plugin HTML5Networking
LogPluginManager: Mounting plugin PlatformCrypto
LogPluginManager: Mounting plugin ProxyLODPlugin
LogPluginManager: Mounting plugin SkeletalReduction
LogPluginManager: Mounting plugin MagicLeap
LogPluginManager: Mounting plugin MagicLeapMedia
LogPluginManager: Mounting plugin AndroidMedia
LogPluginManager: Mounting plugin AvfMedia
LogPluginManager: Mounting plugin ImgMedia
LogPluginManager: Mounting plugin MediaCompositing
LogPluginManager: Mounting plugin MediaPlayerEditor
LogPluginManager: Mounting plugin WebMMedia
LogPluginManager: Mounting plugin WmfMedia
LogPluginManager: Mounting plugin TcpMessaging
LogPluginManager: Mounting plugin UdpMessaging
LogPluginManager: Mounting plugin ActorSequence
LogPluginManager: Mounting plugin LevelSequenceEditor
LogPluginManager: Mounting plugin MatineeToLevelSequence
LogPluginManager: Mounting plugin NetcodeUnitTest
LogPluginManager: Mounting plugin NUTUnrealEngine4
LogPluginManager: Mounting plugin OnlineSubsystemGooglePlay
LogPluginManager: Mounting plugin OnlineSubsystemIOS
LogPluginManager: Mounting plugin OnlineSubsystem
LogPluginManager: Mounting plugin OnlineSubsystemNull
LogPluginManager: Mounting plugin OnlineSubsystemUtils
LogPluginManager: Mounting plugin LauncherChunkInstaller
LogPluginManager: Mounting plugin AndroidDeviceProfileSelector
LogPluginManager: Mounting plugin AndroidMoviePlayer
LogPluginManager: Mounting plugin AndroidPermission
LogPluginManager: Mounting plugin ApexDestruction
LogPluginManager: Mounting plugin AppleImageUtils
LogPluginManager: Mounting plugin AppleMoviePlayer
LogPluginManager: Mounting plugin ArchVisCharacter
LogPluginManager: Mounting plugin AudioCapture
LogPluginManager: Mounting plugin CableComponent
LogPluginManager: Mounting plugin CustomMeshComponent
LogPluginManager: Mounting plugin EditableMesh
LogPluginManager: Mounting plugin ExampleDeviceProfileSelector
LogPluginManager: Mounting plugin GoogleCloudMessaging
LogPluginManager: Mounting plugin IOSDeviceProfileSelector
LogPluginManager: Mounting plugin LinuxDeviceProfileSelector
LogPluginManager: Mounting plugin LocationServicesBPLibrary
LogPluginManager: Mounting plugin MobilePatchingUtils
LogPluginManager: Mounting plugin OculusVR
LogPluginManager: Mounting plugin PhysXVehicles
LogPluginManager: Mounting plugin ProceduralMeshComponent
LogPluginManager: Mounting plugin RuntimePhysXCooking
LogPluginManager: Mounting plugin SignificanceManager
LogPluginManager: Mounting plugin SteamVR
LogPluginManager: Mounting plugin WebMMoviePlayer
LogPluginManager: Mounting plugin WindowsMoviePlayer
LogPluginManager: Mounting plugin ScreenshotTools
LogInit: Using libcurl 7.55.1-DEV
LogInit:  - built for x86_64-pc-win32
LogInit:  - supports SSL with OpenSSL/1.1.1
LogInit:  - supports HTTP deflate (compression) using libz 1.2.8
LogInit:  - other features:
LogInit:      CURL_VERSION_SSL
LogInit:      CURL_VERSION_LIBZ
LogInit:      CURL_VERSION_IPV6
LogInit:      CURL_VERSION_ASYNCHDNS
LogInit:      CURL_VERSION_LARGEFILE
LogInit:      CURL_VERSION_IDN
LogInit:  CurlRequestOptions (configurable via config and command line):
LogInit:  - bVerifyPeer = true  - Libcurl will verify peer certificate
LogInit:  - bUseHttpProxy = false  - Libcurl will NOT use HTTP proxy
LogInit:  - bDontReuseConnections = false  - Libcurl will reuse connections
LogInit:  - MaxHostConnections = 16  - Libcurl will limit the number of connections to a host
LogInit:  - LocalHostAddr = Default
LogInit:  - BufferSize = 65536
LogOnline: OSS: Creating online subsystem instance for: NULL
LogInit: WinSock: version 1.1 (2.2), MaxSocks=32767, MaxUdp=65467
LogInit: Build: ++UE4+Release-4.23-CL-9631420
LogInit: Engine Version: 4.23.1-9631420+++UE4+Release-4.23
LogInit: Compatible Engine Version: 4.23.0-8386587+++UE4+Release-4.23
LogInit: Net CL: 8386587
LogInit: OS: Windows 10 (Release 1903) (), CPU: AMD Ryzen 5 2500U with Radeon Vega Mobile Gfx  , GPU: AMD Radeon(TM) Vega 8 Graphics
LogInit: Compiled (64-bit): Oct 18 2019 02:07:44
LogInit: Compiled with Visual C++: 19.16.27030.01
LogInit: Build Configuration: Development
LogInit: Branch Name: ++UE4+Release-4.23
LogInit: Command Line:  -EpicPortal -epicusername=codiwhitt -epicuserid=e9def592923d4ea089fd19b606085d24 -epiclocale=en-US
LogInit: Base Directory: C:/Program Files/Epic Games/UE_4.23/Engine/Binaries/Win64/
LogInit: Installed Engine Build: 1
LogDevObjectVersion: Number of dev versions registered: 23
LogDevObjectVersion:   Dev-Blueprints (B0D832E4-1F89-4F0D-ACCF-7EB736FD4AA2): 10
LogDevObjectVersion:   Dev-Build (E1C64328-A22C-4D53-A36C-8E866417BD8C): 0
LogDevObjectVersion:   Dev-Core (375EC13C-06E4-48FB-B500-84F0262A717E): 3
LogDevObjectVersion:   Dev-Editor (E4B068ED-F494-42E9-A231-DA0B2E46BB41): 34
LogDevObjectVersion:   Dev-Framework (CFFC743F-43B0-4480-9391-14DF171D2073): 35
LogDevObjectVersion:   Dev-Mobile (B02B49B5-BB20-44E9-A304-32B752E40360): 2
LogDevObjectVersion:   Dev-Networking (A4E4105C-59A1-49B5-A7C5-40C4547EDFEE): 0
LogDevObjectVersion:   Dev-Online (39C831C9-5AE6-47DC-9A44-9C173E1C8E7C): 0
LogDevObjectVersion:   Dev-Physics (78F01B33-EBEA-4F98-B9B4-84EACCB95AA2): 0
LogDevObjectVersion:   Dev-Platform (6631380F-2D4D-43E0-8009-CF276956A95A): 0
LogDevObjectVersion:   Dev-Rendering (12F88B9F-8875-4AFC-A67C-D90C383ABD29): 31
LogDevObjectVersion:   Dev-Sequencer (7B5AE74C-D270-4C10-A958-57980B212A5A): 11
LogDevObjectVersion:   Dev-VR (D7296918-1DD6-4BDD-9DE2-64A83CC13884): 2
LogDevObjectVersion:   Dev-LoadTimes (C2A15278-BFE7-4AFE-6C17-90FF531DF755): 1
LogDevObjectVersion:   Private-Geometry (6EACA3D4-40EC-4CC1-B786-8BED09428FC5): 3
LogDevObjectVersion:   Dev-AnimPhys (29E575DD-E0A3-4627-9D10-D276232CDCEA): 17
LogDevObjectVersion:   Dev-Anim (AF43A65D-7FD3-4947-9873-3E8ED9C1BB05): 2
LogDevObjectVersion:   Dev-ReflectionCapture (6B266CEC-1EC7-4B8F-A30B-E4D90942FC07): 1
LogDevObjectVersion:   Dev-Automation (0DF73D61-A23F-47EA-B727-89E90C41499A): 1
LogDevObjectVersion:   FortniteMain (601D1886-AC64-4F84-AA16-D3DE0DEAC7D6): 27
LogDevObjectVersion:   Dev-Enterprise (9DFFBCD6-494F-0158-E221-12823C92A888): 6
LogDevObjectVersion:   Dev-Niagara (F2AED0AC-9AFE-416F-8664-AA7FFA26D6FC): 1
LogDevObjectVersion:   Dev-Destruction (174F1F0B-B4C6-45A5-B13F-2EE8D0FB917D): 9
LogInit: Presizing for max 16777216 objects, including 0 objects not considered by GC, pre-allocating 0 bytes for permanent pool.
LogInit: Object subsystem initialized
LogConfig: Setting CVar [[con.DebugEarlyDefault:1]]
LogConfig: Setting CVar [[r.setres:1280x720]]
[2019.10.26-17.54.10:995][  0]LogConfig: Setting CVar [[r.VSync:0]]
[2019.10.26-17.54.10:995][  0]LogConfig: Setting CVar [[r.RHICmdBypass:0]]
[2019.10.26-17.54.10:995][  0]LogConfig: Applying CVar settings from Section [/Script/Engine.RendererSettings] File [C:/Users/Codi/Documents/Unreal Projects/BDC_VR2/BDC_VR2/Saved/Config/Windows/Engine.ini]
[2019.10.26-17.54.10:995][  0]LogConfig: Setting CVar [[r.GPUCrashDebugging:0]]
[2019.10.26-17.54.10:995][  0]LogConfig: Applying CVar settings from Section [/Script/Engine.RendererOverrideSettings] File [C:/Users/Codi/Documents/Unreal Projects/BDC_VR2/BDC_VR2/Saved/Config/Windows/Engine.ini]
[2019.10.26-17.54.10:995][  0]LogConfig: Applying CVar settings from Section [/Script/Engine.StreamingSettings] File [C:/Users/Codi/Documents/Unreal Projects/BDC_VR2/BDC_VR2/Saved/Config/Windows/Engine.ini]
[2019.10.26-17.54.10:995][  0]LogConfig: Setting CVar [[s.MinBulkDataSizeForAsyncLoading:131072]]
[2019.10.26-17.54.10:995][  0]LogConfig: Setting CVar [[s.AsyncLoadingThreadEnabled:0]]
[2019.10.26-17.54.10:995][  0]LogConfig: Setting CVar [[s.EventDrivenLoaderEnabled:1]]
[2019.10.26-17.54.10:995][  0]LogConfig: Setting CVar [[s.WarnIfTimeLimitExceeded:0]]
[2019.10.26-17.54.10:995][  0]LogConfig: Setting CVar [[s.TimeLimitExceededMultiplier:1.5]]
[2019.10.26-17.54.10:995][  0]LogConfig: Setting CVar [[s.TimeLimitExceededMinTime:0.005]]
[2019.10.26-17.54.10:995][  0]LogConfig: Setting CVar [[s.UseBackgroundLevelStreaming:1]]
[2019.10.26-17.54.10:995][  0]LogConfig: Setting CVar [[s.PriorityAsyncLoadingExtraTime:15.0]]
[2019.10.26-17.54.10:995][  0]LogConfig: Setting CVar [[s.LevelStreamingActorsUpdateTimeLimit:5.0]]
[2019.10.26-17.54.10:996][  0]LogConfig: Setting CVar [[s.PriorityLevelStreamingActorsUpdateExtraTime:5.0]]
[2019.10.26-17.54.10:996][  0]LogConfig: Setting CVar [[s.LevelStreamingComponentsRegistrationGranularity:10]]
[2019.10.26-17.54.10:996][  0]LogConfig: Setting CVar [[s.UnregisterComponentsTimeLimit:1.0]]
[2019.10.26-17.54.10:996][  0]LogConfig: Setting CVar [[s.LevelStreamingComponentsUnregistrationGranularity:5]]
[2019.10.26-17.54.10:996][  0]LogConfig: Applying CVar settings from Section [/Script/Engine.GarbageCollectionSettings] File [C:/Users/Codi/Documents/Unreal Projects/BDC_VR2/BDC_VR2/Saved/Config/Windows/Engine.ini]
[2019.10.26-17.54.10:996][  0]LogConfig: Setting CVar [[gc.MaxObjectsNotConsideredByGC:1]]
[2019.10.26-17.54.10:996][  0]LogConfig: Setting CVar [[gc.SizeOfPermanentObjectPool:0]]
[2019.10.26-17.54.10:996][  0]LogConfig: Setting CVar [[gc.FlushStreamingOnGC:0]]
[2019.10.26-17.54.10:996][  0]LogConfig: Setting CVar [[gc.NumRetriesBeforeForcingGC:10]]
[2019.10.26-17.54.10:996][  0]LogConfig: Setting CVar [[gc.AllowParallelGC:1]]
[2019.10.26-17.54.10:996][  0]LogConfig: Setting CVar [[gc.TimeBetweenPurgingPendingKillObjects:61.1]]
[2019.10.26-17.54.10:996][  0]LogConfig: Setting CVar [[gc.MaxObjectsInEditor:16777216]]
[2019.10.26-17.54.10:996][  0]LogConfig: Setting CVar [[gc.IncrementalBeginDestroyEnabled:1]]
[2019.10.26-17.54.10:996][  0]LogConfig: Setting CVar [[gc.CreateGCClusters:1]]
[2019.10.26-17.54.10:996][  0]LogConfig: Setting CVar [[gc.MinGCClusterSize:5]]
[2019.10.26-17.54.10:996][  0]LogConfig: Setting CVar [[gc.ActorClusteringEnabled:0]]
[2019.10.26-17.54.10:996][  0]LogConfig: Setting CVar [[gc.BlueprintClusteringEnabled:0]]
[2019.10.26-17.54.10:996][  0]LogConfig: Setting CVar [[gc.UseDisregardForGCOnDedicatedServers:0]]
[2019.10.26-17.54.10:996][  0]LogConfig: Applying CVar settings from Section [/Script/Engine.NetworkSettings] File [C:/Users/Codi/Documents/Unreal Projects/BDC_VR2/BDC_VR2/Saved/Config/Windows/Engine.ini]
[2019.10.26-17.54.10:996][  0]LogConfig: Applying CVar settings from Section [/Script/UnrealEd.CookerSettings] File [C:/Users/Codi/Documents/Unreal Projects/BDC_VR2/BDC_VR2/Saved/Config/Windows/Engine.ini]
[2019.10.26-17.54.10:999][  0]LogConfig: Applying CVar settings from Section [ViewDistanceQuality@3] File [C:/Users/Codi/Documents/Unreal Projects/BDC_VR2/BDC_VR2/Saved/Config/Windows/Scalability.ini]
[2019.10.26-17.54.10:999][  0]LogConfig: Setting CVar [[r.SkeletalMeshLODBias:0]]
[2019.10.26-17.54.10:999][  0]LogConfig: Setting CVar [[r.ViewDistanceScale:1.0]]
[2019.10.26-17.54.10:999][  0]LogConfig: Applying CVar settings from Section [AntiAliasingQuality@3] File [C:/Users/Codi/Documents/Unreal Projects/BDC_VR2/BDC_VR2/Saved/Config/Windows/Scalability.ini]
[2019.10.26-17.54.10:999][  0]LogConfig: Setting CVar [[r.PostProcessAAQuality:4]]
[2019.10.26-17.54.10:999][  0]LogConfig: Applying CVar settings from Section [ShadowQuality@3] File [C:/Users/Codi/Documents/Unreal Projects/BDC_VR2/BDC_VR2/Saved/Config/Windows/Scalability.ini]
[2019.10.26-17.54.10:999][  0]LogConfig: Setting CVar [[r.LightFunctionQuality:1]]
[2019.10.26-17.54.10:999][  0]LogConfig: Setting CVar [[r.ShadowQuality:5]]
[2019.10.26-17.54.10:999][  0]LogConfig: Setting CVar [[r.Shadow.CSM.MaxCascades:10]]
[2019.10.26-17.54.10:999][  0]LogConfig: Setting CVar [[r.Shadow.MaxResolution:2048]]
[2019.10.26-17.54.10:999][  0]LogConfig: Setting CVar [[r.Shadow.MaxCSMResolution:2048]]
[2019.10.26-17.54.10:999][  0]LogConfig: Setting CVar [[r.Shadow.RadiusThreshold:0.01]]
[2019.10.26-17.54.10:999][  0]LogConfig: Setting CVar [[r.Shadow.DistanceScale:1.0]]
[2019.10.26-17.54.10:999][  0]LogConfig: Setting CVar [[r.Shadow.CSM.TransitionScale:1.0]]
[2019.10.26-17.54.10:999][  0]LogConfig: Setting CVar [[r.Shadow.PreShadowResolutionFactor:1.0]]
[2019.10.26-17.54.10:999][  0]LogConfig: Setting CVar [[r.DistanceFieldShadowing:1]]
[2019.10.26-17.54.10:999][  0]LogConfig: Setting CVar [[r.DistanceFieldAO:1]]
[2019.10.26-17.54.10:999][  0]LogConfig: Setting CVar [[r.AOQuality:2]]
[2019.10.26-17.54.11:000][  0]LogConfig: Setting CVar [[r.VolumetricFog:1]]
[2019.10.26-17.54.11:000][  0]LogConfig: Setting CVar [[r.VolumetricFog.GridPixelSize:8]]
[2019.10.26-17.54.11:000][  0]LogConfig: Setting CVar [[r.VolumetricFog.GridSizeZ:128]]
[2019.10.26-17.54.11:000][  0]LogConfig: Setting CVar [[r.VolumetricFog.HistoryMissSupersampleCount:4]]
[2019.10.26-17.54.11:000][  0]LogConfig: Setting CVar [[r.LightMaxDrawDistanceScale:1]]
[2019.10.26-17.54.11:000][  0]LogConfig: Setting CVar [[r.CapsuleShadows:1]]
[2019.10.26-17.54.11:000][  0]LogConfig: Applying CVar settings from Section [PostProcessQuality@3] File [C:/Users/Codi/Documents/Unreal Projects/BDC_VR2/BDC_VR2/Saved/Config/Windows/Scalability.ini]
[2019.10.26-17.54.11:000][  0]LogConfig: Setting CVar [[r.MotionBlurQuality:4]]
[2019.10.26-17.54.11:000][  0]LogConfig: Setting CVar [[r.AmbientOcclusionMipLevelFactor:0.4]]
[2019.10.26-17.54.11:000][  0]LogConfig: Setting CVar [[r.AmbientOcclusionMaxQuality:100]]
[2019.10.26-17.54.11:000][  0]LogConfig: Setting CVar [[r.AmbientOcclusionLevels:-1]]
[2019.10.26-17.54.11:000][  0]LogConfig: Setting CVar [[r.AmbientOcclusionRadiusScale:1.0]]
[2019.10.26-17.54.11:000][  0]LogConfig: Setting CVar [[r.DepthOfFieldQuality:2]]
[2019.10.26-17.54.11:000][  0]LogConfig: Setting CVar [[r.RenderTargetPoolMin:400]]
[2019.10.26-17.54.11:000][  0]LogConfig: Setting CVar [[r.LensFlareQuality:2]]
[2019.10.26-17.54.11:000][  0]LogConfig: Setting CVar [[r.SceneColorFringeQuality:1]]
[2019.10.26-17.54.11:000][  0]LogConfig: Setting CVar [[r.EyeAdaptationQuality:2]]
[2019.10.26-17.54.11:000][  0]LogConfig: Setting CVar [[r.BloomQuality:5]]
[2019.10.26-17.54.11:000][  0]LogConfig: Setting CVar [[r.FastBlurThreshold:100]]
[2019.10.26-17.54.11:000][  0]LogConfig: Setting CVar [[r.Upscale.Quality:3]]
[2019.10.26-17.54.11:000][  0]LogConfig: Setting CVar [[r.Tonemapper.GrainQuantization:1]]
[2019.10.26-17.54.11:000][  0]LogConfig: Setting CVar [[r.LightShaftQuality:1]]
[2019.10.26-17.54.11:000][  0]LogConfig: Setting CVar [[r.Filter.SizeScale:1]]
[2019.10.26-17.54.11:000][  0]LogConfig: Setting CVar [[r.Tonemapper.Quality:5]]
[2019.10.26-17.54.11:000][  0]LogConfig: Setting CVar [[r.DOF.Gather.AccumulatorQuality:1        ; higher gathering accumulator quality]]
[2019.10.26-17.54.11:000][  0]LogConfig: Setting CVar [[r.DOF.Gather.PostfilterMethod:1          ; Median3x3 postfilering method]]
[2019.10.26-17.54.11:000][  0]LogConfig: Setting CVar [[r.DOF.Gather.EnableBokehSettings:0       ; no bokeh simulation when gathering]]
[2019.10.26-17.54.11:000][  0]LogConfig: Setting CVar [[r.DOF.Gather.RingCount:4                 ; medium number of samples when gathering]]
[2019.10.26-17.54.11:000][  0]LogConfig: Setting CVar [[r.DOF.Scatter.ForegroundCompositing:1    ; additive foreground scattering]]
[2019.10.26-17.54.11:000][  0]LogConfig: Setting CVar [[r.DOF.Scatter.BackgroundCompositing:2    ; additive background scattering]]
[2019.10.26-17.54.11:000][  0]LogConfig: Setting CVar [[r.DOF.Scatter.EnableBokehSettings:1      ; bokeh simulation when scattering]]
[2019.10.26-17.54.11:000][  0]LogConfig: Setting CVar [[r.DOF.Scatter.MaxSpriteRatio:0.1         ; only a maximum of 10% of scattered bokeh]]
[2019.10.26-17.54.11:000][  0]LogConfig: Setting CVar [[r.DOF.Recombine.Quality:1                ; cheap slight out of focus]]
[2019.10.26-17.54.11:000][  0]LogConfig: Setting CVar [[r.DOF.Recombine.EnableBokehSettings:0    ; no bokeh simulation on slight out of focus]]
[2019.10.26-17.54.11:000][  0]LogConfig: Setting CVar [[r.DOF.TemporalAAQuality:1                ; more stable temporal accumulation]]
[2019.10.26-17.54.11:000][  0]LogConfig: Setting CVar [[r.DOF.Kernel.MaxForegroundRadius:0.025]]
[2019.10.26-17.54.11:000][  0]LogConfig: Setting CVar [[r.DOF.Kernel.MaxBackgroundRadius:0.025]]
[2019.10.26-17.54.11:000][  0]LogConfig: Applying CVar settings from Section [TextureQuality@3] File [C:/Users/Codi/Documents/Unreal Projects/BDC_VR2/BDC_VR2/Saved/Config/Windows/Scalability.ini]
[2019.10.26-17.54.11:000][  0]LogConfig: Setting CVar [[r.Streaming.MipBias:0]]
[2019.10.26-17.54.11:000][  0]LogConfig: Setting CVar [[r.Streaming.AmortizeCPUToGPUCopy:0]]
[2019.10.26-17.54.11:000][  0]LogConfig: Setting CVar [[r.Streaming.MaxNumTexturesToStreamPerFrame:0]]
[2019.10.26-17.54.11:000][  0]LogConfig: Setting CVar [[r.Streaming.Boost:1]]
[2019.10.26-17.54.11:000][  0]LogConfig: Setting CVar [[r.MaxAnisotropy:8]]
[2019.10.26-17.54.11:000][  0]LogConfig: Setting CVar [[r.Streaming.LimitPoolSizeToVRAM:0]]
[2019.10.26-17.54.11:000][  0]LogConfig: Setting CVar [[r.Streaming.PoolSize:1000]]
[2019.10.26-17.54.11:000][  0]LogConfig: Setting CVar [[r.Streaming.MaxEffectiveScreenSize:0]]
[2019.10.26-17.54.11:000][  0]LogConfig: Applying CVar settings from Section [EffectsQuality@3] File [C:/Users/Codi/Documents/Unreal Projects/BDC_VR2/BDC_VR2/Saved/Config/Windows/Scalability.ini]
[2019.10.26-17.54.11:000][  0]LogConfig: Setting CVar [[r.TranslucencyLightingVolumeDim:64]]
[2019.10.26-17.54.11:000][  0]LogConfig: Setting CVar [[r.RefractionQuality:2]]
[2019.10.26-17.54.11:001][  0]LogConfig: Setting CVar [[r.SSR.Quality:3]]
[2019.10.26-17.54.11:001][  0]LogConfig: Setting CVar [[r.SceneColorFormat:4]]
[2019.10.26-17.54.11:001][  0]LogConfig: Setting CVar [[r.DetailMode:2]]
[2019.10.26-17.54.11:001][  0]LogConfig: Setting CVar [[r.TranslucencyVolumeBlur:1]]
[2019.10.26-17.54.11:001][  0]LogConfig: Setting CVar [[r.MaterialQualityLevel:1 ; High quality]]
[2019.10.26-17.54.11:001][  0]LogConfig: Setting CVar [[r.SSS.Scale:1]]
[2019.10.26-17.54.11:001][  0]LogConfig: Setting CVar [[r.SSS.SampleSet:2]]
[2019.10.26-17.54.11:001][  0]LogConfig: Setting CVar [[r.SSS.Quality:1]]
[2019.10.26-17.54.11:001][  0]LogConfig: Setting CVar [[r.SSS.HalfRes:1]]
[2019.10.26-17.54.11:001][  0]LogConfig: Setting CVar [[r.EmitterSpawnRateScale:1.0]]
[2019.10.26-17.54.11:001][  0]LogConfig: Setting CVar [[r.ParticleLightQuality:2]]
[2019.10.26-17.54.11:001][  0]LogConfig: Applying CVar settings from Section [FoliageQuality@3] File [C:/Users/Codi/Documents/Unreal Projects/BDC_VR2/BDC_VR2/Saved/Config/Windows/Scalability.ini]
[2019.10.26-17.54.11:001][  0]LogConfig: Setting CVar [[foliage.DensityScale:1.0]]
[2019.10.26-17.54.11:001][  0]LogConfig: Setting CVar [[grass.DensityScale:1.0]]
[2019.10.26-17.54.11:001][  0]LogInit: Selected Device Profile: [Windows]
[2019.10.26-17.54.11:001][  0]LogInit: Applying CVar settings loaded from the selected device profile: [Windows]
[2019.10.26-17.54.11:005][  0]LogHAL: Display: Platform has ~ 7 GB [7469842432 / 8589934592 / 7], which maps to Smaller [LargestMinGB=32, LargerMinGB=12, DefaultMinGB=8, SmallerMinGB=6, SmallestMinGB=0)
[2019.10.26-17.54.11:005][  0]LogInit: Going up to parent DeviceProfile []
[2019.10.26-17.54.11:005][  0]LogConfig: Applying CVar settings from Section [ViewDistanceQuality@3] File [C:/Users/Codi/Documents/Unreal Projects/BDC_VR2/BDC_VR2/Saved/Config/Windows/Scalability.ini]
[2019.10.26-17.54.11:005][  0]LogConfig: Setting CVar [[r.SkeletalMeshLODBias:0]]
[2019.10.26-17.54.11:005][  0]LogConfig: Setting CVar [[r.ViewDistanceScale:1.0]]
[2019.10.26-17.54.11:005][  0]LogConfig: Applying CVar settings from Section [AntiAliasingQuality@3] File [C:/Users/Codi/Documents/Unreal Projects/BDC_VR2/BDC_VR2/Saved/Config/Windows/Scalability.ini]
[2019.10.26-17.54.11:005][  0]LogConfig: Setting CVar [[r.PostProcessAAQuality:4]]
[2019.10.26-17.54.11:005][  0]LogConfig: Applying CVar settings from Section [ShadowQuality@3] File [C:/Users/Codi/Documents/Unreal Projects/BDC_VR2/BDC_VR2/Saved/Config/Windows/Scalability.ini]
[2019.10.26-17.54.11:005][  0]LogConfig: Setting CVar [[r.LightFunctionQuality:1]]
[2019.10.26-17.54.11:005][  0]LogConfig: Setting CVar [[r.ShadowQuality:5]]
[2019.10.26-17.54.11:005][  0]LogConfig: Setting CVar [[r.Shadow.CSM.MaxCascades:10]]
[2019.10.26-17.54.11:005][  0]LogConfig: Setting CVar [[r.Shadow.MaxResolution:2048]]
[2019.10.26-17.54.11:005][  0]LogConfig: Setting CVar [[r.Shadow.MaxCSMResolution:2048]]
[2019.10.26-17.54.11:005][  0]LogConfig: Setting CVar [[r.Shadow.RadiusThreshold:0.01]]
[2019.10.26-17.54.11:005][  0]LogConfig: Setting CVar [[r.Shadow.DistanceScale:1.0]]
[2019.10.26-17.54.11:006][  0]LogConfig: Setting CVar [[r.Shadow.CSM.TransitionScale:1.0]]
[2019.10.26-17.54.11:006][  0]LogConfig: Setting CVar [[r.Shadow.PreShadowResolutionFactor:1.0]]
[2019.10.26-17.54.11:006][  0]LogConfig: Setting CVar [[r.DistanceFieldShadowing:1]]
[2019.10.26-17.54.11:006][  0]LogConfig: Setting CVar [[r.DistanceFieldAO:1]]
[2019.10.26-17.54.11:006][  0]LogConfig: Setting CVar [[r.AOQuality:2]]
[2019.10.26-17.54.11:006][  0]LogConfig: Setting CVar [[r.VolumetricFog:1]]
[2019.10.26-17.54.11:006][  0]LogConfig: Setting CVar [[r.VolumetricFog.GridPixelSize:8]]
[2019.10.26-17.54.11:006][  0]LogConfig: Setting CVar [[r.VolumetricFog.GridSizeZ:128]]
[2019.10.26-17.54.11:006][  0]LogConfig: Setting CVar [[r.VolumetricFog.HistoryMissSupersampleCount:4]]
[2019.10.26-17.54.11:006][  0]LogConfig: Setting CVar [[r.LightMaxDrawDistanceScale:1]]
[2019.10.26-17.54.11:006][  0]LogConfig: Setting CVar [[r.CapsuleShadows:1]]
[2019.10.26-17.54.11:006][  0]LogConfig: Applying CVar settings from Section [PostProcessQuality@3] File [C:/Users/Codi/Documents/Unreal Projects/BDC_VR2/BDC_VR2/Saved/Config/Windows/Scalability.ini]
[2019.10.26-17.54.11:006][  0]LogConfig: Setting CVar [[r.MotionBlurQuality:4]]
[2019.10.26-17.54.11:006][  0]LogConfig: Setting CVar [[r.AmbientOcclusionMipLevelFactor:0.4]]
[2019.10.26-17.54.11:006][  0]LogConfig: Setting CVar [[r.AmbientOcclusionMaxQuality:100]]
[2019.10.26-17.54.11:006][  0]LogConfig: Setting CVar [[r.AmbientOcclusionLevels:-1]]
[2019.10.26-17.54.11:006][  0]LogConfig: Setting CVar [[r.AmbientOcclusionRadiusScale:1.0]]
[2019.10.26-17.54.11:006][  0]LogConfig: Setting CVar [[r.DepthOfFieldQuality:2]]
[2019.10.26-17.54.11:006][  0]LogConfig: Setting CVar [[r.RenderTargetPoolMin:400]]
[2019.10.26-17.54.11:006][  0]LogConfig: Setting CVar [[r.LensFlareQuality:2]]
[2019.10.26-17.54.11:006][  0]LogConfig: Setting CVar [[r.SceneColorFringeQuality:1]]
[2019.10.26-17.54.11:006][  0]LogConfig: Setting CVar [[r.EyeAdaptationQuality:2]]
[2019.10.26-17.54.11:006][  0]LogConfig: Setting CVar [[r.BloomQuality:5]]
[2019.10.26-17.54.11:006][  0]LogConfig: Setting CVar [[r.FastBlurThreshold:100]]
[2019.10.26-17.54.11:006][  0]LogConfig: Setting CVar [[r.Upscale.Quality:3]]
[2019.10.26-17.54.11:006][  0]LogConfig: Setting CVar [[r.Tonemapper.GrainQuantization:1]]
[2019.10.26-17.54.11:006][  0]LogConfig: Setting CVar [[r.LightShaftQuality:1]]
[2019.10.26-17.54.11:006][  0]LogConfig: Setting CVar [[r.Filter.SizeScale:1]]
[2019.10.26-17.54.11:006][  0]LogConfig: Setting CVar [[r.Tonemapper.Quality:5]]
[2019.10.26-17.54.11:006][  0]LogConfig: Setting CVar [[r.DOF.Gather.AccumulatorQuality:1        ; higher gathering accumulator quality]]
[2019.10.26-17.54.11:006][  0]LogConfig: Setting CVar [[r.DOF.Gather.PostfilterMethod:1          ; Median3x3 postfilering method]]
[2019.10.26-17.54.11:006][  0]LogConfig: Setting CVar [[r.DOF.Gather.EnableBokehSettings:0       ; no bokeh simulation when gathering]]
[2019.10.26-17.54.11:006][  0]LogConfig: Setting CVar [[r.DOF.Gather.RingCount:4                 ; medium number of samples when gathering]]
[2019.10.26-17.54.11:006][  0]LogConfig: Setting CVar [[r.DOF.Scatter.ForegroundCompositing:1    ; additive foreground scattering]]
[2019.10.26-17.54.11:006][  0]LogConfig: Setting CVar [[r.DOF.Scatter.BackgroundCompositing:2    ; additive background scattering]]
[2019.10.26-17.54.11:006][  0]LogConfig: Setting CVar [[r.DOF.Scatter.EnableBokehSettings:1      ; bokeh simulation when scattering]]
[2019.10.26-17.54.11:006][  0]LogConfig: Setting CVar [[r.DOF.Scatter.MaxSpriteRatio:0.1         ; only a maximum of 10% of scattered bokeh]]
[2019.10.26-17.54.11:006][  0]LogConfig: Setting CVar [[r.DOF.Recombine.Quality:1                ; cheap slight out of focus]]
[2019.10.26-17.54.11:006][  0]LogConfig: Setting CVar [[r.DOF.Recombine.EnableBokehSettings:0    ; no bokeh simulation on slight out of focus]]
[2019.10.26-17.54.11:006][  0]LogConfig: Setting CVar [[r.DOF.TemporalAAQuality:1                ; more stable temporal accumulation]]
[2019.10.26-17.54.11:006][  0]LogConfig: Setting CVar [[r.DOF.Kernel.MaxForegroundRadius:0.025]]
[2019.10.26-17.54.11:006][  0]LogConfig: Setting CVar [[r.DOF.Kernel.MaxBackgroundRadius:0.025]]
[2019.10.26-17.54.11:006][  0]LogConfig: Applying CVar settings from Section [TextureQuality@3] File [C:/Users/Codi/Documents/Unreal Projects/BDC_VR2/BDC_VR2/Saved/Config/Windows/Scalability.ini]
[2019.10.26-17.54.11:006][  0]LogConfig: Setting CVar [[r.Streaming.MipBias:0]]
[2019.10.26-17.54.11:006][  0]LogConfig: Setting CVar [[r.Streaming.AmortizeCPUToGPUCopy:0]]
[2019.10.26-17.54.11:006][  0]LogConfig: Setting CVar [[r.Streaming.MaxNumTexturesToStreamPerFrame:0]]
[2019.10.26-17.54.11:006][  0]LogConfig: Setting CVar [[r.Streaming.Boost:1]]
[2019.10.26-17.54.11:006][  0]LogConfig: Setting CVar [[r.MaxAnisotropy:8]]
[2019.10.26-17.54.11:006][  0]LogConfig: Setting CVar [[r.Streaming.LimitPoolSizeToVRAM:0]]
[2019.10.26-17.54.11:007][  0]LogConfig: Setting CVar [[r.Streaming.PoolSize:1000]]
[2019.10.26-17.54.11:007][  0]LogConfig: Setting CVar [[r.Streaming.MaxEffectiveScreenSize:0]]
[2019.10.26-17.54.11:007][  0]LogConfig: Applying CVar settings from Section [EffectsQuality@3] File [C:/Users/Codi/Documents/Unreal Projects/BDC_VR2/BDC_VR2/Saved/Config/Windows/Scalability.ini]
[2019.10.26-17.54.11:007][  0]LogConfig: Setting CVar [[r.TranslucencyLightingVolumeDim:64]]
[2019.10.26-17.54.11:007][  0]LogConfig: Setting CVar [[r.RefractionQuality:2]]
[2019.10.26-17.54.11:007][  0]LogConfig: Setting CVar [[r.SSR.Quality:3]]
[2019.10.26-17.54.11:007][  0]LogConfig: Setting CVar [[r.SceneColorFormat:4]]
[2019.10.26-17.54.11:007][  0]LogConfig: Setting CVar [[r.DetailMode:2]]
[2019.10.26-17.54.11:007][  0]LogConfig: Setting CVar [[r.TranslucencyVolumeBlur:1]]
[2019.10.26-17.54.11:007][  0]LogConfig: Setting CVar [[r.MaterialQualityLevel:1 ; High quality]]
[2019.10.26-17.54.11:007][  0]LogConfig: Setting CVar [[r.SSS.Scale:1]]
[2019.10.26-17.54.11:007][  0]LogConfig: Setting CVar [[r.SSS.SampleSet:2]]
[2019.10.26-17.54.11:007][  0]LogConfig: Setting CVar [[r.SSS.Quality:1]]
[2019.10.26-17.54.11:007][  0]LogConfig: Setting CVar [[r.SSS.HalfRes:1]]
[2019.10.26-17.54.11:007][  0]LogConfig: Setting CVar [[r.EmitterSpawnRateScale:1.0]]
[2019.10.26-17.54.11:007][  0]LogConfig: Setting CVar [[r.ParticleLightQuality:2]]
[2019.10.26-17.54.11:007][  0]LogConfig: Applying CVar settings from Section [FoliageQuality@3] File [C:/Users/Codi/Documents/Unreal Projects/BDC_VR2/BDC_VR2/Saved/Config/Windows/Scalability.ini]
[2019.10.26-17.54.11:007][  0]LogConfig: Setting CVar [[foliage.DensityScale:1.0]]
[2019.10.26-17.54.11:007][  0]LogConfig: Setting CVar [[grass.DensityScale:1.0]]
[2019.10.26-17.54.11:007][  0]LogConfig: Applying CVar settings from Section [Startup] File [../../../Engine/Config/ConsoleVariables.ini]
[2019.10.26-17.54.11:007][  0]LogConfig: Setting CVar [[net.UseAdaptiveNetUpdateFrequency:0]]
[2019.10.26-17.54.11:007][  0]LogConfig: Setting CVar [[p.chaos.AllowCreatePhysxBodies:1]]
[2019.10.26-17.54.11:007][  0]LogConfig: Applying CVar settings from Section [ConsoleVariables] File [C:/Users/Codi/Documents/Unreal Projects/BDC_VR2/BDC_VR2/Saved/Config/Windows/Engine.ini]
[2019.10.26-17.54.11:007][  0]LogInit: Computer: DESKTOP-PCM7EIP
[2019.10.26-17.54.11:007][  0]LogInit: User: Codi
[2019.10.26-17.54.11:007][  0]LogInit: CPU Page size=4096, Cores=4
[2019.10.26-17.54.11:007][  0]LogInit: High frequency timer resolution =10.000000 MHz
[2019.10.26-17.54.11:008][  0]LogMemory: Memory total: Physical=7.0GB (7GB approx)
[2019.10.26-17.54.11:008][  0]LogMemory: Platform Memory Stats for Windows
[2019.10.26-17.54.11:008][  0]LogMemory: Process Physical Memory: 101.23 MB used, 101.23 MB peak
[2019.10.26-17.54.11:008][  0]LogMemory: Process Virtual Memory: 100.61 MB used, 100.61 MB peak
[2019.10.26-17.54.11:008][  0]LogMemory: Physical Memory: 4510.87 MB used,  2612.93 MB free, 7123.80 MB total
[2019.10.26-17.54.11:008][  0]LogMemory: Virtual Memory: 4668.43 MB used,  134213056.00 MB free, 134217728.00 MB total
[2019.10.26-17.54.11:012][  0]LogWindows: WindowsPlatformFeatures enabled
[2019.10.26-17.54.11:043][  0]LogInit: Using OS detected language (en-US).
[2019.10.26-17.54.11:043][  0]LogInit: Using OS detected locale (en-US).
[2019.10.26-17.54.11:044][  0]LogTextLocalizationManager: No specific localization for 'en-US' exists, so the 'en' localization will be used.
[2019.10.26-17.54.11:295][  0]LogInit: Setting process to per monitor DPI aware
[2019.10.26-17.54.11:375][  0]LogSlate: New Slate User Created.  User Index 0, Is Virtual User: 0
[2019.10.26-17.54.11:375][  0]LogSlate: Slate User Registered.  User Index 0, Is Virtual User: 0
[2019.10.26-17.54.11:681][  0]LogHMD: Failed to initialize OpenVR with code 126
[2019.10.26-17.54.11:681][  0]LogD3D11RHI: D3D11 adapters:
[2019.10.26-17.54.11:712][  0]LogD3D11RHI:    0. 'AMD Radeon(TM) Vega 8 Graphics' (Feature Level 11_0)
[2019.10.26-17.54.11:713][  0]LogD3D11RHI:       1008/0/3561 MB DedicatedVideo/DedicatedSystem/SharedSystem, Outputs:1, VendorId:0x1002
[2019.10.26-17.54.11:716][  0]LogD3D11RHI:    1. 'Microsoft Basic Render Driver' (Feature Level 11_0)
[2019.10.26-17.54.11:716][  0]LogD3D11RHI:       0/0/3561 MB DedicatedVideo/DedicatedSystem/SharedSystem, Outputs:0, VendorId:0x1414
[2019.10.26-17.54.11:716][  0]LogD3D11RHI: Chosen D3D11 Adapter: 0
[2019.10.26-17.54.11:727][  0]LogD3D11RHI: Creating new Direct3DDevice
[2019.10.26-17.54.11:727][  0]LogD3D11RHI:     GPU DeviceId: 0x15dd (for the marketing name, search the web for "GPU Device Id")
[2019.10.26-17.54.11:727][  0]LogWindows: EnumDisplayDevices:
[2019.10.26-17.54.11:727][  0]LogWindows:    0. 'AMD Radeon(TM) Vega 8 Graphics' (P:1 D:1)
[2019.10.26-17.54.11:728][  0]LogWindows:    1. 'AMD Radeon(TM) Vega 8 Graphics' (P:0 D:0)
[2019.10.26-17.54.11:728][  0]LogWindows:    2. 'AMD Radeon(TM) Vega 8 Graphics' (P:0 D:0)
[2019.10.26-17.54.11:729][  0]LogWindows:    3. 'AMD Radeon(TM) Vega 8 Graphics' (P:0 D:0)
[2019.10.26-17.54.11:729][  0]LogWindows:    4. 'AMD Radeon(TM) Vega 8 Graphics' (P:0 D:0)
[2019.10.26-17.54.11:730][  0]LogWindows:    5. 'AMD Radeon(TM) Vega 8 Graphics' (P:0 D:0)
[2019.10.26-17.54.11:731][  0]LogWindows: DebugString: FoundDriverCount:6 
[2019.10.26-17.54.11:731][  0]LogD3D11RHI:     Adapter Name: AMD Radeon(TM) Vega 8 Graphics
[2019.10.26-17.54.11:731][  0]LogD3D11RHI:   Driver Version: Adrenalin 18.50.30.04 (internal:25.20.15030.4003, unified:25.20.15030.4003)
[2019.10.26-17.54.11:731][  0]LogD3D11RHI:      Driver Date: 5-15-2019
[2019.10.26-17.54.11:731][  0]LogRHI: Texture pool is 706 MB (70% of 1008 MB)
[2019.10.26-17.54.11:764][  0]LogD3D11RHI: Async texture creation enabled
[2019.10.26-17.54.11:777][  0]LogD3D11RHI: GPU Timing Frequency: 25.000000 (Debug: 2 1)
[2019.10.26-17.54.12:500][  0]LogTemp: Display: Module 'AllDesktopTargetPlatform' loaded TargetPlatform 'AllDesktop'
[2019.10.26-17.54.12:517][  0]LogTemp: Display: Module 'MacClientTargetPlatform' loaded TargetPlatform 'MacClient'
[2019.10.26-17.54.12:540][  0]LogTemp: Display: Module 'MacNoEditorTargetPlatform' loaded TargetPlatform 'MacNoEditor'
[2019.10.26-17.54.12:563][  0]LogTemp: Display: Module 'MacServerTargetPlatform' loaded TargetPlatform 'MacServer'
[2019.10.26-17.54.12:583][  0]LogTemp: Display: Module 'MacTargetPlatform' loaded TargetPlatform 'Mac'
[2019.10.26-17.54.12:601][  0]LogTemp: Display: Module 'WindowsClientTargetPlatform' loaded TargetPlatform 'WindowsClient'
[2019.10.26-17.54.12:617][  0]LogTemp: Display: Module 'WindowsNoEditorTargetPlatform' loaded TargetPlatform 'WindowsNoEditor'
[2019.10.26-17.54.12:633][  0]LogTemp: Display: Module 'WindowsServerTargetPlatform' loaded TargetPlatform 'WindowsServer'
[2019.10.26-17.54.12:642][  0]LogTemp: Display: Module 'WindowsTargetPlatform' loaded TargetPlatform 'Windows'
[2019.10.26-17.54.12:693][  0]LogTemp: Display: Module 'AndroidTargetPlatform' loaded TargetPlatform 'Android'
[2019.10.26-17.54.12:693][  0]LogTemp: Display: Module 'AndroidTargetPlatform' loaded TargetPlatform 'Android_ASTC'
[2019.10.26-17.54.12:693][  0]LogTemp: Display: Module 'AndroidTargetPlatform' loaded TargetPlatform 'Android_ATC'
[2019.10.26-17.54.12:693][  0]LogTemp: Display: Module 'AndroidTargetPlatform' loaded TargetPlatform 'Android_DXT'
[2019.10.26-17.54.12:693][  0]LogTemp: Display: Module 'AndroidTargetPlatform' loaded TargetPlatform 'Android_ETC1'
[2019.10.26-17.54.12:693][  0]LogTemp: Display: Module 'AndroidTargetPlatform' loaded TargetPlatform 'Android_ETC1a'
[2019.10.26-17.54.12:693][  0]LogTemp: Display: Module 'AndroidTargetPlatform' loaded TargetPlatform 'Android_ETC2'
[2019.10.26-17.54.12:693][  0]LogTemp: Display: Module 'AndroidTargetPlatform' loaded TargetPlatform 'Android_PVRTC'
[2019.10.26-17.54.12:693][  0]LogTemp: Display: Module 'AndroidTargetPlatform' loaded TargetPlatform 'AndroidClient'
[2019.10.26-17.54.12:693][  0]LogTemp: Display: Module 'AndroidTargetPlatform' loaded TargetPlatform 'Android_ASTCClient'
[2019.10.26-17.54.12:693][  0]LogTemp: Display: Module 'AndroidTargetPlatform' loaded TargetPlatform 'Android_ATCClient'
[2019.10.26-17.54.12:693][  0]LogTemp: Display: Module 'AndroidTargetPlatform' loaded TargetPlatform 'Android_DXTClient'
[2019.10.26-17.54.12:693][  0]LogTemp: Display: Module 'AndroidTargetPlatform' loaded TargetPlatform 'Android_ETC1Client'
[2019.10.26-17.54.12:693][  0]LogTemp: Display: Module 'AndroidTargetPlatform' loaded TargetPlatform 'Android_ETC1aClient'
[2019.10.26-17.54.12:693][  0]LogTemp: Display: Module 'AndroidTargetPlatform' loaded TargetPlatform 'Android_ETC2Client'
[2019.10.26-17.54.12:693][  0]LogTemp: Display: Module 'AndroidTargetPlatform' loaded TargetPlatform 'Android_PVRTCClient'
[2019.10.26-17.54.12:693][  0]LogTemp: Display: Module 'AndroidTargetPlatform' loaded TargetPlatform 'Android_Multi'
[2019.10.26-17.54.12:693][  0]LogTemp: Display: Module 'AndroidTargetPlatform' loaded TargetPlatform 'Android_MultiClient'
[2019.10.26-17.54.12:696][  0]LogTemp: Display: Module 'HTML5TargetPlatform' loaded TargetPlatform 'HTML5'
[2019.10.26-17.54.12:731][  0]LogTemp: Display: Module 'IOSTargetPlatform' loaded TargetPlatform 'IOSClient'
[2019.10.26-17.54.12:731][  0]LogTemp: Display: Module 'IOSTargetPlatform' loaded TargetPlatform 'IOS'
[2019.10.26-17.54.12:765][  0]LogTemp: Display: Module 'TVOSTargetPlatform' loaded TargetPlatform 'TVOSClient'
[2019.10.26-17.54.12:765][  0]LogTemp: Display: Module 'TVOSTargetPlatform' loaded TargetPlatform 'TVOS'
[2019.10.26-17.54.12:780][  0]LogTemp: Display: Module 'LinuxClientTargetPlatform' loaded TargetPlatform 'LinuxClient'
[2019.10.26-17.54.12:792][  0]LogTemp: Display: Module 'LinuxNoEditorTargetPlatform' loaded TargetPlatform 'LinuxNoEditor'
[2019.10.26-17.54.12:804][  0]LogTemp: Display: Module 'LinuxServerTargetPlatform' loaded TargetPlatform 'LinuxServer'
[2019.10.26-17.54.12:818][  0]LogTemp: Display: Module 'LinuxTargetPlatform' loaded TargetPlatform 'Linux'
[2019.10.26-17.54.12:862][  0]LogTemp: Display: Module 'LuminTargetPlatform' loaded TargetPlatform 'Lumin'
[2019.10.26-17.54.12:862][  0]LogTemp: Display: Module 'LuminTargetPlatform' loaded TargetPlatform 'LuminClient'
[2019.10.26-17.54.12:862][  0]LogTargetPlatformManager: Display: Building Assets For Windows
[2019.10.26-17.54.12:878][  0]LogAudioDebug: Display: Lib vorbis DLL was dynamically loaded.
[2019.10.26-17.54.12:966][  0]LogShaderCompilers: Guid format shader working directory is -25 characters bigger than the processId version (../../../../../../Users/Codi/Documents/Unreal Projects/BDC_VR2/BDC_VR2/Intermediate/Shaders/WorkingDirectory/2788/).
[2019.10.26-17.54.12:966][  0]LogShaderCompilers: Cleaned the shader compiler working directory 'C:/Users/Codi/AppData/Local/Temp/UnrealShaderWorkingDir/A8363E8F43281D1DF52D669D0EC710BD/'.
[2019.10.26-17.54.12:970][  0]LogXGEController: Cannot use XGE Controller as Incredibuild is not installed on this machine.
[2019.10.26-17.54.12:970][  0]LogShaderCompilers: Cannot use XGE Shader Compiler as Incredibuild is not installed on this machine.
[2019.10.26-17.54.12:970][  0]LogShaderCompilers: Display: Using Local Shader Compiler.
[2019.10.26-17.54.13:671][  0]LogDerivedDataCache: Display: Max Cache Size: 512 MB
[2019.10.26-17.54.13:741][  0]LogDerivedDataCache: Loaded boot cache 0.07s 73MB C:/Users/Codi/AppData/Local/UnrealEngine/4.23/DerivedDataCache/Boot.ddc.
[2019.10.26-17.54.13:741][  0]LogDerivedDataCache: Display: Loaded Boot cache: C:/Users/Codi/AppData/Local/UnrealEngine/4.23/DerivedDataCache/Boot.ddc
[2019.10.26-17.54.13:741][  0]LogDerivedDataCache: FDerivedDataBackendGraph:  Pak pak cache file ../../../../../../Users/Codi/Documents/Unreal Projects/BDC_VR2/BDC_VR2/DerivedDataCache/DDC.ddp not found, will not use a pak cache.
[2019.10.26-17.54.13:741][  0]LogDerivedDataCache: Unable to find inner node Pak for hierarchical cache Hierarchy.
[2019.10.26-17.54.13:741][  0]LogDerivedDataCache: FDerivedDataBackendGraph:  CompressedPak pak cache file ../../../../../../Users/Codi/Documents/Unreal Projects/BDC_VR2/BDC_VR2/DerivedDataCache/Compressed.ddp not found, will not use a pak cache.
[2019.10.26-17.54.13:741][  0]LogDerivedDataCache: Unable to find inner node CompressedPak for hierarchical cache Hierarchy.
[2019.10.26-17.54.13:755][  0]LogDerivedDataCache: Display: Pak cache opened for reading ../../../Engine/DerivedDataCache/Compressed.ddp.
[2019.10.26-17.54.13:755][  0]LogDerivedDataCache: FDerivedDataBackendGraph:  EnterprisePak pak cache file ../../../Enterprise/DerivedDataCache/Compressed.ddp not found, will not use a pak cache.
[2019.10.26-17.54.13:755][  0]LogDerivedDataCache: Unable to find inner node EnterprisePak for hierarchical cache Hierarchy.
[2019.10.26-17.54.13:757][  0]LogDerivedDataCache: Using Local data cache path C:/Users/Codi/AppData/Local/UnrealEngine/Common/DerivedDataCache: Writable
[2019.10.26-17.54.13:757][  0]LogDerivedDataCache: Shared data cache path not found in *engine.ini, will not use an Shared cache.
[2019.10.26-17.54.13:757][  0]LogDerivedDataCache: Unable to find inner node Shared for hierarchical cache Hierarchy.
[2019.10.26-17.54.13:782][  0]LogMaterial: Verifying Global Shaders for PCD3D_SM5
[2019.10.26-17.54.13:786][  0]LogSlate: Using FreeType 2.6.0
[2019.10.26-17.54.13:787][  0]LogSlate: SlateFontServices - WITH_FREETYPE: 1, WITH_HARFBUZZ: 1
[2019.10.26-17.54.13:855][  0]LogAssetRegistry: FAssetRegistry took 0.0036 seconds to start up
[2019.10.26-17.54.14:233][  0]LogInit: Selected Device Profile: [Windows]
[2019.10.26-17.54.14:409][  0]LogMeshReduction: Using QuadricMeshReduction for automatic static mesh reduction
[2019.10.26-17.54.14:409][  0]LogMeshReduction: Using SimplygonMeshReduction for automatic skeletal mesh reduction
[2019.10.26-17.54.14:409][  0]LogMeshReduction: Using ProxyLODMeshReduction for automatic mesh merging
[2019.10.26-17.54.14:409][  0]LogMeshReduction: No distributed automatic mesh merging module available
[2019.10.26-17.54.14:409][  0]LogMeshMerging: No distributed automatic mesh merging module available
[2019.10.26-17.54.14:422][  0]LogNetVersion: BDC_VR2 1.0.0, NetCL: 8386587, EngineNetVer: 11, GameNetVer: 0 (Checksum: 1827118937)
[2019.10.26-17.54.14:992][  0]LogPackageLocalizationCache: Processed 12 localized package path(s) for 1 prioritized culture(s) in 0.102079 seconds
[2019.10.26-17.54.15:004][  0]LogUObjectArray: 43444 objects as part of root set at end of initial load.
[2019.10.26-17.54.15:004][  0]LogUObjectAllocator: 7548648 out of 0 bytes used by permanent object pool.
[2019.10.26-17.54.15:004][  0]LogUObjectArray: CloseDisregardForGC: 0/0 objects in disregard for GC pool
[2019.10.26-17.54.16:038][  0]LogTcpMessaging: Initializing TcpMessaging bridge
[2019.10.26-17.54.16:043][  0]LogUdpMessaging: Initializing bridge on interface 0.0.0.0:0 to multicast group 230.0.0.1:6666.
[2019.10.26-17.54.16:193][  0]SourceControl: Source control is disabled
[2019.10.26-17.54.16:193][  0]SourceControl: Source control is disabled
[2019.10.26-17.54.16:196][  0]SourceControl: Source control is disabled
[2019.10.26-17.54.16:198][  0]SourceControl: Source control is disabled
[2019.10.26-17.54.16:363][  0]LogAndroidPermission: UAndroidPermissionCallbackProxy::GetInstance
[2019.10.26-17.54.16:569][  0]LogOcInput: OculusInput pre-init called
[2019.10.26-17.54.16:585][  0]LogWindows: Failed to load 'OVRPlugin.dll' (GetLastError=126)
[2019.10.26-17.54.16:585][  0]LogWindows: File 'OVRPlugin.dll' does not exist
[2019.10.26-17.54.16:758][  0]LogEngine: Initializing Engine...
[2019.10.26-17.54.16:825][  0]LogHMD: Failed to initialize OpenVR with code 126
[2019.10.26-17.54.16:828][  0]LogStats: UGameplayTagsManager::InitializeManager -  0.000 s
[2019.10.26-17.54.17:242][  0]LogInit: Initializing FReadOnlyCVARCache
[2019.10.26-17.54.17:280][  0]LogAIModule: Creating AISystem for world Untitled
[2019.10.26-17.54.17:299][  0]LogInit: XAudio2 using 'Speaker/Headphone (Realtek High Definition Audio)' : 2 channels at 48 kHz using 32 bits per sample (channel mask 0x3)
[2019.10.26-17.54.17:413][  0]LogInit: FAudioDevice initialized.
[2019.10.26-17.54.17:414][  0]LogNetVersion: Set ProjectVersion to 1.0.0.0. Version Checksum will be recalculated on next use.
[2019.10.26-17.54.17:552][  0]LogDerivedDataCache: Saved boot cache 0.14s 73MB C:/Users/Codi/AppData/Local/UnrealEngine/4.23/DerivedDataCache/Boot.ddc.
[2019.10.26-17.54.17:570][  0]LogInit: Texture streaming: Enabled
[2019.10.26-17.54.17:615][  0]LogEngineSessionManager: EngineSessionManager initialized
[2019.10.26-17.54.17:615][  0]LogEditorSessionSummary: Verbose: Initializing EditorSessionSummaryWriter for editor session tracking
[2019.10.26-17.54.17:617][  0]LogEditorSessionSummary: EditorSessionSummaryWriter initialized
[2019.10.26-17.54.17:766][  0]LogInit: Transaction tracking system initialized
[2019.10.26-17.54.17:843][  0]BlueprintLog: New page: Editor Load
[2019.10.26-17.54.18:022][  0]LocalizationService: Localization service is disabled
[2019.10.26-17.54.18:376][  0]LogFileCache: Scanning file cache for directory 'C:/Users/Codi/Documents/Unreal Projects/BDC_VR2/BDC_VR2/Content/' took 0.01s
[2019.10.26-17.54.18:376][  0]LogCook: Display: Max memory allowance for cook 16384mb min free memory 0mb
[2019.10.26-17.54.18:376][  0]LogCook: Display: Mobile HDR setting 1
[2019.10.26-17.54.18:747][  0]SourceControl: Source control is disabled
[2019.10.26-17.54.18:747][  0]Cmd: MAP LOAD FILE="../../../../../../Users/Codi/Documents/Unreal Projects/BDC_VR2/BDC_VR2/Content/FirstPersonBP/Maps/FirstPersonExampleMap.umap" TEMPLATE=0 SHOWPROGRESS=1 FEATURELEVEL=3
[2019.10.26-17.54.18:748][  0]LightingResults: New page: Lighting Build
[2019.10.26-17.54.18:752][  0]LogWorld: UWorld::CleanupWorld for Untitled, bSessionEnded=true, bCleanupResources=true
[2019.10.26-17.54.18:753][  0]MapCheck: New page: Map Check
[2019.10.26-17.54.18:753][  0]LightingResults: New page: Lighting Build
[2019.10.26-17.54.18:799][  0]LogUObjectHash: Compacting FUObjectHashTables data took   2.04ms
[2019.10.26-17.54.19:299][  0]LogAIModule: Creating AISystem for world FirstPersonExampleMap
[2019.10.26-17.54.19:320][  0]LogMaterial: Display: Material /Game/StarterContent/Materials/M_Basic_Wall.M_Basic_Wall needed to have new flag set bUsedWithSkeletalMesh !
[2019.10.26-17.54.19:346][  0]LogMaterial: Display: Missing cached shader map for material M_Basic_Wall, compiling. 
[2019.10.26-17.54.19:468][  0]MapCheck: Warning: M_Basic_Wall Material /Game/StarterContent/Materials/M_Basic_Wall.M_Basic_Wall was missing the usage flag bUsedWithSkeletalMesh. If the material asset is not re-saved, it may not render correctly when run outside the editor. Fix
[2019.10.26-17.54.19:476][  0]LogEditorServer: Finished looking for orphan Actors (0.000 secs)
[2019.10.26-17.54.19:525][  0]LogShaderCompilers: Display: Worker (1/5): shaders left to compile 69
[2019.10.26-17.54.19:525][  0]LogShaderCompilers: Display: Worker (2/5): shaders left to compile 59
[2019.10.26-17.54.19:525][  0]LogShaderCompilers: Display: Worker (3/5): shaders left to compile 49
[2019.10.26-17.54.19:526][  0]LogShaderCompilers: Display: Worker (4/5): shaders left to compile 39
[2019.10.26-17.54.19:526][  0]LogShaderCompilers: Display: Worker (5/5): shaders left to compile 29
[2019.10.26-17.54.19:532][  0]LogUObjectHash: Compacting FUObjectHashTables data took   4.99ms
[2019.10.26-17.54.19:533][  0]Cmd: MAP CHECKDEP NOCLEARLOG
[2019.10.26-17.54.19:533][  0]MapCheck: Map check complete: 0 Error(s), 1 Warning(s), took 0.318ms to complete.
[2019.10.26-17.54.19:542][  0]LogFileHelpers: Loading map 'FirstPersonExampleMap' took 0.795
[2019.10.26-17.54.19:748][  0]LogSlate: Updating window title bar state: overlay mode, drag disabled, window buttons hidden, title bar hidden
[2019.10.26-17.54.19:764][  0]LogSlate: Updating window title bar state: overlay mode, drag disabled, window buttons hidden, title bar hidden
[2019.10.26-17.54.19:778][  0]LogSlate: Updating window title bar state: overlay mode, drag disabled, window buttons hidden, title bar hidden
[2019.10.26-17.54.19:792][  0]LogSlate: Updating window title bar state: overlay mode, drag disabled, window buttons hidden, title bar hidden
[2019.10.26-17.54.19:806][  0]LogCollectionManager: Loaded 0 collections in 0.004220 seconds
[2019.10.26-17.54.19:819][  0]LogFileCache: Scanning file cache for directory 'C:/Users/Codi/Documents/Unreal Projects/BDC_VR2/BDC_VR2/Saved/Collections/' took 0.00s
[2019.10.26-17.54.19:819][  0]LogFileCache: Scanning file cache for directory 'C:/Users/Codi/Documents/Unreal Projects/BDC_VR2/BDC_VR2/Content/Developers/Codi/Collections/' took 0.00s
[2019.10.26-17.54.19:819][  0]LogFileCache: Scanning file cache for directory 'C:/Users/Codi/Documents/Unreal Projects/BDC_VR2/BDC_VR2/Content/Collections/' took 0.00s
[2019.10.26-17.54.19:819][  0]LogCollectionManager: Rebuilt the GUID cache for 0 collections in 0.000002 seconds
[2019.10.26-17.54.19:835][  0]LogContentBrowser: Native class hierarchy populated in 0.0162 seconds. Added 2872 classes and 685 folders.
[2019.10.26-17.54.19:851][  0]LogContentBrowser: Native class hierarchy updated for 'WidgetCarousel' in 0.0009 seconds. Added 0 classes and 0 folders.
[2019.10.26-17.54.19:929][  0]LogContentBrowser: Native class hierarchy updated for 'AddContentDialog' in 0.0004 seconds. Added 0 classes and 0 folders.
[2019.10.26-17.54.19:942][  0]LogContentBrowser: Native class hierarchy updated for 'SceneOutliner' in 0.0004 seconds. Added 1 classes and 2 folders.
[2019.10.26-17.54.20:189][  0]LogSlate: Took 0.000276 seconds to synchronously load lazily loaded font '../../../Engine/Content/Slate/Fonts/Roboto-Regular.ttf' (155K)
[2019.10.26-17.54.20:192][  0]LogSlate: Took 0.000332 seconds to synchronously load lazily loaded font '../../../Engine/Content/Slate/Fonts/Roboto-Bold.ttf' (160K)
[2019.10.26-17.54.20:207][  0]LogSlate: Took 0.000462 seconds to synchronously load lazily loaded font '../../../Engine/Content/Editor/Slate/Fonts/FontAwesome.ttf' (139K)
[2019.10.26-17.54.20:333][  0]LogRenderer: Reallocating scene render targets to support 856x384 Format 10 NumSamples 1 (Frame:1).
[2019.10.26-17.54.20:489][  0]LogSlate: Took 0.000692 seconds to synchronously load lazily loaded font '../../../Engine/Content/Slate/Fonts/Roboto-Light.ttf' (167K)
[2019.10.26-17.54.20:679][  0]LogContentBrowser: Native class hierarchy updated for 'HierarchicalLODOutliner' in 0.0004 seconds. Added 0 classes and 0 folders.
[2019.10.26-17.54.20:680][  0]LogLoad: (Engine Initialization) Total time: 11.67 seconds
[2019.10.26-17.54.20:680][  0]LogLoad: (Engine Initialization) Total Blueprint compile time: 0.00 seconds
[2019.10.26-17.54.20:752][  0]LogContentStreaming: Texture pool size now 1000 MB
[2019.10.26-17.54.21:049][  2]LogAssetRegistry: Asset discovery search completed in 7.1961 seconds
[2019.10.26-17.54.21:065][  2]LogCollectionManager: Rebuilt the object cache for 0 collections in 0.000008 seconds (found 0 objects)
[2019.10.26-17.54.21:065][  2]LogCollectionManager: Fixed up redirectors for 0 collections in 0.000119 seconds (updated 0 objects)
[2019.10.26-17.54.24:902][109]LogSlate: FSceneViewport::OnFocusLost() reason 0
[2019.10.26-17.54.25:144][111]LogSlate: Took 0.000403 seconds to synchronously load lazily loaded font '../../../Engine/Content/Slate/Fonts/Roboto-Light.ttf' (167K)
[2019.10.26-17.54.25:165][111]LogAssetEditorManager: Opening Asset editor for Blueprint /Game/FirstPersonBP/Blueprints/FirstPersonCharacter.FirstPersonCharacter
[2019.10.26-17.54.25:839][111]LogContentBrowser: Native class hierarchy updated for 'BlueprintGraph' in 0.0008 seconds. Added 121 classes and 0 folders.
[2019.10.26-17.54.27:659][111]LogShaderCompilers: Display: Worker (1/5): shaders left to compile 19
[2019.10.26-17.54.27:659][111]LogShaderCompilers: Display: Worker (4/5): shaders left to compile 14
[2019.10.26-17.54.27:659][111]LogShaderCompilers: Display: Worker (1/5): shaders left to compile 10
[2019.10.26-17.54.27:848][111]LogSlate: Took 0.000615 seconds to synchronously load lazily loaded font '../../../Engine/Content/Slate/Fonts/Roboto-BoldCondensed.ttf' (158K)
[2019.10.26-17.54.28:150][111]LogShaderCompilers: Display: Worker (4/5): shaders left to compile 7
[2019.10.26-17.54.28:184][112]LogSlate: Took 0.000435 seconds to synchronously load lazily loaded font '../../../Engine/Content/Slate/Fonts/Roboto-Italic.ttf' (157K)
[2019.10.26-17.54.29:048][127]LogShaderCompilers: Display: Worker (3/5): shaders left to compile 5
[2019.10.26-17.54.29:650][139]LogShaderCompilers: Display: Worker (1/5): shaders left to compile 3
[2019.10.26-17.54.30:048][147]LogShaderCompilers: Display: Worker (2/5): shaders left to compile 2
[2019.10.26-17.54.30:145][149]LogShaderCompilers: Display: Worker (4/5): shaders left to compile 1
[2019.10.26-17.54.35:712][302]BlueprintLog: New page: Compile FirstPersonCharacter
[2019.10.26-17.54.36:161][302]LogUObjectHash: Compacting FUObjectHashTables data took   7.51ms
[2019.10.26-17.54.37:603][335]LogSlate: Window 'FirstPersonCharacter' being destroyed
[2019.10.26-17.54.37:621][335]LogSlate: Window 'FirstPersonCharacter' being destroyed
[2019.10.26-17.54.37:622][335]LogWorld: UWorld::CleanupWorld for World_2, bSessionEnded=true, bCleanupResources=true
[2019.10.26-17.54.38:647][374]LogTemp: Repeating last play command: Selected Viewport
[2019.10.26-17.54.38:685][374]LogBlueprintUserMessages: Early PlayInEditor Detection: Level '/Game/FirstPersonBP/Maps/FirstPersonExampleMap.FirstPersonExampleMap:PersistentLevel' has LevelScriptBlueprint '/Game/FirstPersonBP/Maps/FirstPersonExampleMap.FirstPersonExampleMap:PersistentLevel.FirstPersonExampleMap' with GeneratedClass '/Game/FirstPersonBP/Maps/FirstPersonExampleMap.FirstPersonExampleMap_C' with ClassGeneratedBy '/Game/FirstPersonBP/Maps/FirstPersonExampleMap.FirstPersonExampleMap:PersistentLevel.FirstPersonExampleMap'
[2019.10.26-17.54.38:685][374]LogPlayLevel: PlayLevel: No blueprints needed recompiling
[2019.10.26-17.54.38:686][374]PIE: New page: PIE session: FirstPersonExampleMap (Oct 26, 2019, 9:54:38 AM)
[2019.10.26-17.54.38:687][374]LogOnline: OSS: Creating online subsystem instance for: NULL
[2019.10.26-17.54.38:689][374]LogPlayLevel: Creating play world package: /Game/FirstPersonBP/Maps/UEDPIE_0_FirstPersonExampleMap
[2019.10.26-17.54.38:722][374]LogPlayLevel: PIE: StaticDuplicateObject took: (0.032600s)
[2019.10.26-17.54.38:725][374]LogAIModule: Creating AISystem for world FirstPersonExampleMap
[2019.10.26-17.54.38:726][374]LogPlayLevel: PIE: World Init took: (0.003701s)
[2019.10.26-17.54.38:726][374]LogPlayLevel: PIE: Created PIE world by copying editor world from /Game/FirstPersonBP/Maps/FirstPersonExampleMap.FirstPersonExampleMap to /Game/FirstPersonBP/Maps/UEDPIE_0_FirstPersonExampleMap.FirstPersonExampleMap (0.037235s)
[2019.10.26-17.54.38:795][374]LogUObjectHash: Compacting FUObjectHashTables data took   6.76ms
[2019.10.26-17.54.38:809][374]LogInit: XAudio2 using 'Speaker/Headphone (Realtek High Definition Audio)' : 2 channels at 48 kHz using 32 bits per sample (channel mask 0x3)
[2019.10.26-17.54.38:841][374]LogInit: FAudioDevice initialized.
[2019.10.26-17.54.38:861][374]LogLoad: Game class is 'FirstPersonGameMode_C'
[2019.10.26-17.54.38:871][374]LogWorld: Bringing World /Game/FirstPersonBP/Maps/UEDPIE_0_FirstPersonExampleMap.FirstPersonExampleMap up for play (max tick rate 60) at 2019.10.26-13.54.38
[2019.10.26-17.54.38:872][374]LogWorld: Bringing up level for play took: 0.008324
[2019.10.26-17.54.38:872][374]LogOnline: OSS: Creating online subsystem instance for: :Context_4
[2019.10.26-17.54.38:892][374]LogContentBrowser: Native class hierarchy updated for 'MovieSceneCapture' in 0.0006 seconds. Added 20 classes and 0 folders.
[2019.10.26-17.54.38:893][374]PIE: Play in editor start time for /Game/FirstPersonBP/Maps/UEDPIE_0_FirstPersonExampleMap 0.551
[2019.10.26-17.54.38:894][374]LogBlueprintUserMessages: Late PlayInEditor Detection: Level '/Game/FirstPersonBP/Maps/FirstPersonExampleMap.FirstPersonExampleMap:PersistentLevel' has LevelScriptBlueprint '/Game/FirstPersonBP/Maps/FirstPersonExampleMap.FirstPersonExampleMap:PersistentLevel.FirstPersonExampleMap' with GeneratedClass '/Game/FirstPersonBP/Maps/FirstPersonExampleMap.FirstPersonExampleMap_C' with ClassGeneratedBy '/Game/FirstPersonBP/Maps/FirstPersonExampleMap.FirstPersonExampleMap:PersistentLevel.FirstPersonExampleMap'
[2019.10.26-17.54.38:899][374]LogAudio: Warning: Detected orphaned looping sound 'Back_music'.
[2019.10.26-17.54.48:529][831]LogSlate: FSceneViewport::OnFocusLost() reason 0
[2019.10.26-17.54.48:604][834]LogBlueprintUserMessages: Early EndPlayMap Detection: Level '/Game/FirstPersonBP/Maps/FirstPersonExampleMap.FirstPersonExampleMap:PersistentLevel' has LevelScriptBlueprint '/Game/FirstPersonBP/Maps/FirstPersonExampleMap.FirstPersonExampleMap:PersistentLevel.FirstPersonExampleMap' with GeneratedClass '/Game/FirstPersonBP/Maps/FirstPersonExampleMap.FirstPersonExampleMap_C' with ClassGeneratedBy '/Game/FirstPersonBP/Maps/FirstPersonExampleMap.FirstPersonExampleMap:PersistentLevel.FirstPersonExampleMap'
[2019.10.26-17.54.48:604][834]LogSlate: Updating window title bar state: overlay mode, drag disabled, window buttons hidden, title bar hidden
[2019.10.26-17.54.48:604][834]LogWorld: BeginTearingDown for /Game/FirstPersonBP/Maps/UEDPIE_0_FirstPersonExampleMap
[2019.10.26-17.54.48:605][834]LogWorld: UWorld::CleanupWorld for FirstPersonExampleMap, bSessionEnded=true, bCleanupResources=true
[2019.10.26-17.54.48:623][834]LogPlayLevel: Display: Shutting down PIE online subsystems
[2019.10.26-17.54.48:624][834]LogBlueprintUserMessages: Late EndPlayMap Detection: Level '/Game/FirstPersonBP/Maps/FirstPersonExampleMap.FirstPersonExampleMap:PersistentLevel' has LevelScriptBlueprint '/Game/FirstPersonBP/Maps/FirstPersonExampleMap.FirstPersonExampleMap:PersistentLevel.FirstPersonExampleMap' with GeneratedClass '/Game/FirstPersonBP/Maps/FirstPersonExampleMap.FirstPersonExampleMap_C' with ClassGeneratedBy '/Game/FirstPersonBP/Maps/FirstPersonExampleMap.FirstPersonExampleMap:PersistentLevel.FirstPersonExampleMap'
[2019.10.26-17.54.48:698][834]LogSlate: Updating window title bar state: overlay mode, drag disabled, window buttons hidden, title bar hidden
[2019.10.26-17.54.48:776][834]LogUObjectHash: Compacting FUObjectHashTables data took   6.48ms
[2019.10.26-17.54.48:809][835]LogPlayLevel: Display: Destroying online subsystem :Context_4
[2019.10.26-17.54.51:162][907]LogSlate: FSceneViewport::OnFocusLost() reason 0
[2019.10.26-17.55.00:722][369]LogSlate: FSceneViewport::OnFocusLost() reason 0
[2019.10.26-17.55.00:797][373]LogTemp: Repeating last play command: Selected Viewport
[2019.10.26-17.55.00:835][373]LogBlueprintUserMessages: Early PlayInEditor Detection: Level '/Game/FirstPersonBP/Maps/FirstPersonExampleMap.FirstPersonExampleMap:PersistentLevel' has LevelScriptBlueprint '/Game/FirstPersonBP/Maps/FirstPersonExampleMap.FirstPersonExampleMap:PersistentLevel.FirstPersonExampleMap' with GeneratedClass '/Game/FirstPersonBP/Maps/FirstPersonExampleMap.FirstPersonExampleMap_C' with ClassGeneratedBy '/Game/FirstPersonBP/Maps/FirstPersonExampleMap.FirstPersonExampleMap:PersistentLevel.FirstPersonExampleMap'
[2019.10.26-17.55.00:835][373]LogPlayLevel: PlayLevel: No blueprints needed recompiling
[2019.10.26-17.55.00:835][373]PIE: New page: PIE session: FirstPersonExampleMap (Oct 26, 2019, 9:55:00 AM)
[2019.10.26-17.55.00:835][373]LogPlayLevel: Creating play world package: /Game/FirstPersonBP/Maps/UEDPIE_0_FirstPersonExampleMap
[2019.10.26-17.55.00:861][373]LogPlayLevel: PIE: StaticDuplicateObject took: (0.025796s)
[2019.10.26-17.55.00:864][373]LogAIModule: Creating AISystem for world FirstPersonExampleMap
[2019.10.26-17.55.00:865][373]LogPlayLevel: PIE: World Init took: (0.003298s)
[2019.10.26-17.55.00:865][373]LogPlayLevel: PIE: Created PIE world by copying editor world from /Game/FirstPersonBP/Maps/FirstPersonExampleMap.FirstPersonExampleMap to /Game/FirstPersonBP/Maps/UEDPIE_0_FirstPersonExampleMap.FirstPersonExampleMap (0.029527s)
[2019.10.26-17.55.00:968][373]LogUObjectHash: Compacting FUObjectHashTables data took   6.63ms
[2019.10.26-17.55.00:981][373]LogInit: XAudio2 using 'Speaker/Headphone (Realtek High Definition Audio)' : 2 channels at 48 kHz using 32 bits per sample (channel mask 0x3)
[2019.10.26-17.55.01:014][373]LogInit: FAudioDevice initialized.
[2019.10.26-17.55.01:026][373]LogLoad: Game class is 'FirstPersonGameMode_C'
[2019.10.26-17.55.01:036][373]LogWorld: Bringing World /Game/FirstPersonBP/Maps/UEDPIE_0_FirstPersonExampleMap.FirstPersonExampleMap up for play (max tick rate 60) at 2019.10.26-13.55.01
[2019.10.26-17.55.01:037][373]LogWorld: Bringing up level for play took: 0.009296
[2019.10.26-17.55.01:037][373]LogOnline: OSS: Creating online subsystem instance for: :Context_5
[2019.10.26-17.55.01:041][373]PIE: Play in editor start time for /Game/FirstPersonBP/Maps/UEDPIE_0_FirstPersonExampleMap 0.699
[2019.10.26-17.55.01:042][373]LogBlueprintUserMessages: Late PlayInEditor Detection: Level '/Game/FirstPersonBP/Maps/FirstPersonExampleMap.FirstPersonExampleMap:PersistentLevel' has LevelScriptBlueprint '/Game/FirstPersonBP/Maps/FirstPersonExampleMap.FirstPersonExampleMap:PersistentLevel.FirstPersonExampleMap' with GeneratedClass '/Game/FirstPersonBP/Maps/FirstPersonExampleMap.FirstPersonExampleMap_C' with ClassGeneratedBy '/Game/FirstPersonBP/Maps/FirstPersonExampleMap.FirstPersonExampleMap:PersistentLevel.FirstPersonExampleMap'
[2019.10.26-17.55.01:045][373]LogAudio: Warning: Detected orphaned looping sound 'Back_music'.
[2019.10.26-17.55.20:700][369]LogEditorSessionSummary: EditorSessionSummary sent report. Type=Shutdown, SessionId={828DF779-4185-7547-9309-E4BCE49993B1}
[2019.10.26-17.55.20:724][370]LogSlate: FSceneViewport::OnFocusLost() reason 0
[2019.10.26-17.55.20:847][375]LogBlueprintUserMessages: Early EndPlayMap Detection: Level '/Game/FirstPersonBP/Maps/FirstPersonExampleMap.FirstPersonExampleMap:PersistentLevel' has LevelScriptBlueprint '/Game/FirstPersonBP/Maps/FirstPersonExampleMap.FirstPersonExampleMap:PersistentLevel.FirstPersonExampleMap' with GeneratedClass '/Game/FirstPersonBP/Maps/FirstPersonExampleMap.FirstPersonExampleMap_C' with ClassGeneratedBy '/Game/FirstPersonBP/Maps/FirstPersonExampleMap.FirstPersonExampleMap:PersistentLevel.FirstPersonExampleMap'
[2019.10.26-17.55.20:848][375]LogSlate: Updating window title bar state: overlay mode, drag disabled, window buttons hidden, title bar hidden
[2019.10.26-17.55.20:848][375]LogWorld: BeginTearingDown for /Game/FirstPersonBP/Maps/UEDPIE_0_FirstPersonExampleMap
[2019.10.26-17.55.20:848][375]LogWorld: UWorld::CleanupWorld for FirstPersonExampleMap, bSessionEnded=true, bCleanupResources=true
[2019.10.26-17.55.20:885][375]LogPlayLevel: Display: Shutting down PIE online subsystems
[2019.10.26-17.55.20:886][375]LogBlueprintUserMessages: Late EndPlayMap Detection: Level '/Game/FirstPersonBP/Maps/FirstPersonExampleMap.FirstPersonExampleMap:PersistentLevel' has LevelScriptBlueprint '/Game/FirstPersonBP/Maps/FirstPersonExampleMap.FirstPersonExampleMap:PersistentLevel.FirstPersonExampleMap' with GeneratedClass '/Game/FirstPersonBP/Maps/FirstPersonExampleMap.FirstPersonExampleMap_C' with ClassGeneratedBy '/Game/FirstPersonBP/Maps/FirstPersonExampleMap.FirstPersonExampleMap:PersistentLevel.FirstPersonExampleMap'
[2019.10.26-17.55.20:946][375]LogSlate: Updating window title bar state: overlay mode, drag disabled, window buttons hidden, title bar hidden
[2019.10.26-17.55.20:952][375]LogUObjectHash: Compacting FUObjectHashTables data took   4.22ms
[2019.10.26-17.55.20:983][376]LogPlayLevel: Display: Destroying online subsystem :Context_5
[2019.10.26-17.55.24:448][553]LogEditorViewport: Clicking on Actor (LMB): TargetSphere_Blueprint_C (TargetSphere_Blueprint2)
[2019.10.26-17.55.25:864][625]Cmd: DELETE
[2019.10.26-17.55.25:864][625]Cmd: ACTOR DELETE
[2019.10.26-17.55.25:871][625]LogEditorActor: Deleted Actor: TargetSphere_Blueprint_C
[2019.10.26-17.55.25:929][625]LogUObjectHash: Compacting FUObjectHashTables data took   2.32ms
[2019.10.26-17.55.25:930][625]LogEditorActor: Deleted 1 Actors (0.065 secs)
[2019.10.26-17.55.28:024][738]LogEditorViewport: Clicking on Actor (LMB): TargetRotating_DM_Blueprint_C (TargetRotating_DM_Blueprint6)
[2019.10.26-17.55.29:767][826]LogSlate: FSceneViewport::OnFocusLost() reason 0
[2019.10.26-17.55.29:980][835]LogAssetEditorManager: Opening Asset editor for Blueprint /Game/TargetSphere_Blueprint.TargetSphere_Blueprint
[2019.10.26-17.56.20:701][942]LogEditorSessionSummary: EditorSessionSummary sent report. Type=Shutdown, SessionId={768FC95A-491B-B063-25CF-899C03A6C7E3}
[2019.10.26-17.56.34:672][664]LogEditorViewport: Clicking on Actor (LMB): TargetSphere_Blueprint_C (TargetSphere_Blueprint2)
[2019.10.26-17.56.43:803][140]LogSlate: FSceneViewport::OnFocusLost() reason 0
[2019.10.26-17.57.13:619][174]BlueprintLog: New page: Compile TargetSphere_Blueprint
[2019.10.26-17.57.14:000][174]LogUObjectHash: Compacting FUObjectHashTables data took   4.34ms
[2019.10.26-17.57.14:892][205]LogSlate: Window 'TargetSphere_Blueprint' being destroyed
[2019.10.26-17.57.14:906][205]LogSlate: Window 'TargetSphere_Blueprint' being destroyed
[2019.10.26-17.57.14:933][205]LogWorld: UWorld::CleanupWorld for World_3, bSessionEnded=true, bCleanupResources=true
[2019.10.26-17.57.15:771][239]LogTemp: Repeating last play command: Selected Viewport
[2019.10.26-17.57.15:805][239]LogBlueprintUserMessages: Early PlayInEditor Detection: Level '/Game/FirstPersonBP/Maps/FirstPersonExampleMap.FirstPersonExampleMap:PersistentLevel' has LevelScriptBlueprint '/Game/FirstPersonBP/Maps/FirstPersonExampleMap.FirstPersonExampleMap:PersistentLevel.FirstPersonExampleMap' with GeneratedClass '/Game/FirstPersonBP/Maps/FirstPersonExampleMap.FirstPersonExampleMap_C' with ClassGeneratedBy '/Game/FirstPersonBP/Maps/FirstPersonExampleMap.FirstPersonExampleMap:PersistentLevel.FirstPersonExampleMap'
[2019.10.26-17.57.15:805][239]LogPlayLevel: PlayLevel: No blueprints needed recompiling
[2019.10.26-17.57.15:805][239]PIE: New page: PIE session: FirstPersonExampleMap (Oct 26, 2019, 9:57:15 AM)
[2019.10.26-17.57.15:805][239]LogPlayLevel: Creating play world package: /Game/FirstPersonBP/Maps/UEDPIE_0_FirstPersonExampleMap
[2019.10.26-17.57.15:827][239]LogPlayLevel: PIE: StaticDuplicateObject took: (0.021309s)
[2019.10.26-17.57.15:829][239]LogAIModule: Creating AISystem for world FirstPersonExampleMap
[2019.10.26-17.57.15:830][239]LogPlayLevel: PIE: World Init took: (0.003363s)
[2019.10.26-17.57.15:830][239]LogPlayLevel: PIE: Created PIE world by copying editor world from /Game/FirstPersonBP/Maps/FirstPersonExampleMap.FirstPersonExampleMap to /Game/FirstPersonBP/Maps/UEDPIE_0_FirstPersonExampleMap.FirstPersonExampleMap (0.024940s)
[2019.10.26-17.57.15:895][239]LogUObjectHash: Compacting FUObjectHashTables data took   5.33ms
[2019.10.26-17.57.15:903][239]LogInit: XAudio2 using 'Speaker/Headphone (Realtek High Definition Audio)' : 2 channels at 48 kHz using 32 bits per sample (channel mask 0x3)
[2019.10.26-17.57.15:931][239]LogInit: FAudioDevice initialized.
[2019.10.26-17.57.15:941][239]LogLoad: Game class is 'FirstPersonGameMode_C'
[2019.10.26-17.57.15:947][239]LogWorld: Bringing World /Game/FirstPersonBP/Maps/UEDPIE_0_FirstPersonExampleMap.FirstPersonExampleMap up for play (max tick rate 60) at 2019.10.26-13.57.15
[2019.10.26-17.57.15:948][239]LogWorld: Bringing up level for play took: 0.005822
[2019.10.26-17.57.15:948][239]LogOnline: OSS: Creating online subsystem instance for: :Context_8
[2019.10.26-17.57.15:952][239]PIE: Play in editor start time for /Game/FirstPersonBP/Maps/UEDPIE_0_FirstPersonExampleMap -0.391
[2019.10.26-17.57.15:952][239]LogBlueprintUserMessages: Late PlayInEditor Detection: Level '/Game/FirstPersonBP/Maps/FirstPersonExampleMap.FirstPersonExampleMap:PersistentLevel' has LevelScriptBlueprint '/Game/FirstPersonBP/Maps/FirstPersonExampleMap.FirstPersonExampleMap:PersistentLevel.FirstPersonExampleMap' with GeneratedClass '/Game/FirstPersonBP/Maps/FirstPersonExampleMap.FirstPersonExampleMap_C' with ClassGeneratedBy '/Game/FirstPersonBP/Maps/FirstPersonExampleMap.FirstPersonExampleMap:PersistentLevel.FirstPersonExampleMap'
[2019.10.26-17.57.16:015][239]LogAudio: Warning: Detected orphaned looping sound 'Back_music'.
[2019.10.26-17.57.20:701][496]LogEditorSessionSummary: EditorSessionSummary sent report. Type=Shutdown, SessionId={37DB37D2-4E31-BDD2-ECB1-E1A60F17ADD1}
[2019.10.26-17.57.39:724][490]LogSlate: FSceneViewport::OnFocusLost() reason 0
[2019.10.26-17.57.39:807][493]LogBlueprintUserMessages: Early EndPlayMap Detection: Level '/Game/FirstPersonBP/Maps/FirstPersonExampleMap.FirstPersonExampleMap:PersistentLevel' has LevelScriptBlueprint '/Game/FirstPersonBP/Maps/FirstPersonExampleMap.FirstPersonExampleMap:PersistentLevel.FirstPersonExampleMap' with GeneratedClass '/Game/FirstPersonBP/Maps/FirstPersonExampleMap.FirstPersonExampleMap_C' with ClassGeneratedBy '/Game/FirstPersonBP/Maps/FirstPersonExampleMap.FirstPersonExampleMap:PersistentLevel.FirstPersonExampleMap'
[2019.10.26-17.57.39:808][493]LogSlate: Updating window title bar state: overlay mode, drag disabled, window buttons hidden, title bar hidden
[2019.10.26-17.57.39:808][493]LogWorld: BeginTearingDown for /Game/FirstPersonBP/Maps/UEDPIE_0_FirstPersonExampleMap
[2019.10.26-17.57.39:808][493]LogWorld: UWorld::CleanupWorld for FirstPersonExampleMap, bSessionEnded=true, bCleanupResources=true
[2019.10.26-17.57.39:840][493]LogPlayLevel: Display: Shutting down PIE online subsystems
[2019.10.26-17.57.39:841][493]LogBlueprintUserMessages: Late EndPlayMap Detection: Level '/Game/FirstPersonBP/Maps/FirstPersonExampleMap.FirstPersonExampleMap:PersistentLevel' has LevelScriptBlueprint '/Game/FirstPersonBP/Maps/FirstPersonExampleMap.FirstPersonExampleMap:PersistentLevel.FirstPersonExampleMap' with GeneratedClass '/Game/FirstPersonBP/Maps/FirstPersonExampleMap.FirstPersonExampleMap_C' with ClassGeneratedBy '/Game/FirstPersonBP/Maps/FirstPersonExampleMap.FirstPersonExampleMap:PersistentLevel.FirstPersonExampleMap'
[2019.10.26-17.57.39:917][493]LogSlate: Updating window title bar state: overlay mode, drag disabled, window buttons hidden, title bar hidden
[2019.10.26-17.57.39:925][493]LogUObjectHash: Compacting FUObjectHashTables data took   5.96ms
[2019.10.26-17.57.39:965][494]LogPlayLevel: Display: Destroying online subsystem :Context_8
[2019.10.26-17.57.42:791][647]LogEditorViewport: Clicking on Actor (LMB): TargetRotating_DM_Blueprint_C (TargetRotating_DM_Blueprint5)
[2019.10.26-17.57.44:541][739]Cmd: EDIT COPY
[2019.10.26-17.57.44:922][759]Cmd: EDIT PASTE
[2019.10.26-17.57.50:431][ 52]Cmd: EDIT COPY
[2019.10.26-17.57.50:798][ 71]Cmd: EDIT PASTE
[2019.10.26-17.57.54:742][274]Cmd: EDIT PASTE
[2019.10.26-17.57.59:076][495]Cmd: EDIT PASTE
[2019.10.26-17.58.05:984][850]Cmd: EDIT COPY
[2019.10.26-17.58.06:304][866]Cmd: EDIT PASTE
[2019.10.26-17.58.12:198][169]Cmd: EDIT COPY
[2019.10.26-17.58.12:480][183]Cmd: EDIT PASTE
[2019.10.26-17.58.20:888][614]LogEditorViewport: Clicking on Actor (LMB): TargetRotating_DM_Blueprint_C (TargetRotating_DM_Blueprint13)
[2019.10.26-17.58.22:337][687]Cmd: EDIT COPY
[2019.10.26-17.58.22:687][705]Cmd: EDIT PASTE
[2019.10.26-17.58.27:010][921]LogEditorViewport: Clicking on Actor (LMB): TargetRotating_DM_Blueprint_C (TargetRotating_DM_Blueprint15)
[2019.10.26-17.58.28:112][976]Cmd: EDIT COPY
[2019.10.26-17.58.28:582][  0]Cmd: EDIT PASTE
[2019.10.26-17.58.31:712][153]LogEditorViewport: Clicking on Actor (LMB): StaticMeshActor (EditorCube11)
[2019.10.26-17.58.34:164][273]Cmd: DELETE
[2019.10.26-17.58.34:164][273]Cmd: ACTOR DELETE
[2019.10.26-17.58.34:175][273]LogEditorActor: Deleted Actor: StaticMeshActor
[2019.10.26-17.58.34:238][273]LogUObjectHash: Compacting FUObjectHashTables data took   6.21ms
[2019.10.26-17.58.34:239][273]LogEditorActor: Deleted 1 Actors (0.075 secs)
[2019.10.26-17.58.35:558][344]LogEditorViewport: Clicking on Actor (LMB): TargetRotating_DM_Blueprint_C (TargetRotating_DM_Blueprint10)
[2019.10.26-17.58.38:188][475]Cmd: EDIT COPY
[2019.10.26-17.58.38:470][489]Cmd: EDIT PASTE
[2019.10.26-17.58.42:006][661]LogEditorViewport: Clicking on Actor (LMB): TargetRotating_DM_Blueprint_C (TargetRotating_DM_Blueprint9)
[2019.10.26-17.58.43:866][754]Cmd: EDIT COPY
[2019.10.26-17.58.44:163][769]Cmd: EDIT PASTE
[2019.10.26-17.58.49:248][ 18]LogEditorViewport: Clicking on Actor (LMB): TargetRotating_DM_Blueprint_C (TargetRotating_DM_Blueprint17)
[2019.10.26-17.58.50:447][ 77]Cmd: EDIT COPY
[2019.10.26-17.58.50:806][ 95]Cmd: EDIT PASTE
[2019.10.26-17.58.56:366][362]LogSlate: FSceneViewport::OnFocusLost() reason 0
[2019.10.26-17.58.57:068][398]LogTemp: Repeating last play command: Selected Viewport
[2019.10.26-17.58.57:106][398]LogBlueprintUserMessages: Early PlayInEditor Detection: Level '/Game/FirstPersonBP/Maps/FirstPersonExampleMap.FirstPersonExampleMap:PersistentLevel' has LevelScriptBlueprint '/Game/FirstPersonBP/Maps/FirstPersonExampleMap.FirstPersonExampleMap:PersistentLevel.FirstPersonExampleMap' with GeneratedClass '/Game/FirstPersonBP/Maps/FirstPersonExampleMap.FirstPersonExampleMap_C' with ClassGeneratedBy '/Game/FirstPersonBP/Maps/FirstPersonExampleMap.FirstPersonExampleMap:PersistentLevel.FirstPersonExampleMap'
[2019.10.26-17.58.57:107][398]LogPlayLevel: PlayLevel: No blueprints needed recompiling
[2019.10.26-17.58.57:107][398]PIE: New page: PIE session: FirstPersonExampleMap (Oct 26, 2019, 9:58:57 AM)
[2019.10.26-17.58.57:107][398]LogPlayLevel: Creating play world package: /Game/FirstPersonBP/Maps/UEDPIE_0_FirstPersonExampleMap
[2019.10.26-17.58.57:134][398]LogPlayLevel: PIE: StaticDuplicateObject took: (0.026430s)
[2019.10.26-17.58.57:136][398]LogAIModule: Creating AISystem for world FirstPersonExampleMap
[2019.10.26-17.58.57:136][398]LogPlayLevel: PIE: World Init took: (0.002641s)
[2019.10.26-17.58.57:136][398]LogPlayLevel: PIE: Created PIE world by copying editor world from /Game/FirstPersonBP/Maps/FirstPersonExampleMap.FirstPersonExampleMap to /Game/FirstPersonBP/Maps/UEDPIE_0_FirstPersonExampleMap.FirstPersonExampleMap (0.029375s)
[2019.10.26-17.58.57:201][398]LogUObjectHash: Compacting FUObjectHashTables data took   5.04ms
[2019.10.26-17.58.57:210][398]LogInit: XAudio2 using 'Speaker/Headphone (Realtek High Definition Audio)' : 2 channels at 48 kHz using 32 bits per sample (channel mask 0x3)
[2019.10.26-17.58.57:237][398]LogInit: FAudioDevice initialized.
[2019.10.26-17.58.57:248][398]LogLoad: Game class is 'FirstPersonGameMode_C'
[2019.10.26-17.58.57:259][398]LogWorld: Bringing World /Game/FirstPersonBP/Maps/UEDPIE_0_FirstPersonExampleMap.FirstPersonExampleMap up for play (max tick rate 60) at 2019.10.26-13.58.57
[2019.10.26-17.58.57:259][398]LogWorld: Bringing up level for play took: 0.009949
[2019.10.26-17.58.57:260][398]LogOnline: OSS: Creating online subsystem instance for: :Context_10
[2019.10.26-17.58.57:263][398]PIE: Play in editor start time for /Game/FirstPersonBP/Maps/UEDPIE_0_FirstPersonExampleMap 0.921
[2019.10.26-17.58.57:264][398]LogBlueprintUserMessages: Late PlayInEditor Detection: Level '/Game/FirstPersonBP/Maps/FirstPersonExampleMap.FirstPersonExampleMap:PersistentLevel' has LevelScriptBlueprint '/Game/FirstPersonBP/Maps/FirstPersonExampleMap.FirstPersonExampleMap:PersistentLevel.FirstPersonExampleMap' with GeneratedClass '/Game/FirstPersonBP/Maps/FirstPersonExampleMap.FirstPersonExampleMap_C' with ClassGeneratedBy '/Game/FirstPersonBP/Maps/FirstPersonExampleMap.FirstPersonExampleMap:PersistentLevel.FirstPersonExampleMap'
[2019.10.26-17.58.57:331][398]LogAudio: Warning: Detected orphaned looping sound 'Back_music'.
[2019.10.26-17.59.29:247][938]LogSlate: FSceneViewport::OnFocusLost() reason 0
[2019.10.26-17.59.29:291][939]LogBlueprintUserMessages: Early EndPlayMap Detection: Level '/Game/FirstPersonBP/Maps/FirstPersonExampleMap.FirstPersonExampleMap:PersistentLevel' has LevelScriptBlueprint '/Game/FirstPersonBP/Maps/FirstPersonExampleMap.FirstPersonExampleMap:PersistentLevel.FirstPersonExampleMap' with GeneratedClass '/Game/FirstPersonBP/Maps/FirstPersonExampleMap.FirstPersonExampleMap_C' with ClassGeneratedBy '/Game/FirstPersonBP/Maps/FirstPersonExampleMap.FirstPersonExampleMap:PersistentLevel.FirstPersonExampleMap'
[2019.10.26-17.59.29:292][939]LogSlate: Updating window title bar state: overlay mode, drag disabled, window buttons hidden, title bar hidden
[2019.10.26-17.59.29:292][939]LogWorld: BeginTearingDown for /Game/FirstPersonBP/Maps/UEDPIE_0_FirstPersonExampleMap
[2019.10.26-17.59.29:293][939]LogWorld: UWorld::CleanupWorld for FirstPersonExampleMap, bSessionEnded=true, bCleanupResources=true
[2019.10.26-17.59.29:328][939]LogPlayLevel: Display: Shutting down PIE online subsystems
[2019.10.26-17.59.29:329][939]LogBlueprintUserMessages: Late EndPlayMap Detection: Level '/Game/FirstPersonBP/Maps/FirstPersonExampleMap.FirstPersonExampleMap:PersistentLevel' has LevelScriptBlueprint '/Game/FirstPersonBP/Maps/FirstPersonExampleMap.FirstPersonExampleMap:PersistentLevel.FirstPersonExampleMap' with GeneratedClass '/Game/FirstPersonBP/Maps/FirstPersonExampleMap.FirstPersonExampleMap_C' with ClassGeneratedBy '/Game/FirstPersonBP/Maps/FirstPersonExampleMap.FirstPersonExampleMap:PersistentLevel.FirstPersonExampleMap'
[2019.10.26-17.59.29:404][939]LogSlate: Updating window title bar state: overlay mode, drag disabled, window buttons hidden, title bar hidden
[2019.10.26-17.59.29:411][939]LogUObjectHash: Compacting FUObjectHashTables data took   4.46ms
[2019.10.26-17.59.29:449][940]LogPlayLevel: Display: Destroying online subsystem :Context_10
[2019.10.26-17.59.34:809][212]LogSlate: FSceneViewport::OnFocusLost() reason 0
[2019.10.26-17.59.35:030][221]LogAssetEditorManager: Opening Asset editor for Blueprint /Game/TargetSphere_Blueprint.TargetSphere_Blueprint
[2019.10.26-17.59.37:359][282]Cmd: OBJ SAVEPACKAGE PACKAGE="/Game/TargetSphere_Blueprint" FILE="../../../../../../Users/Codi/Documents/Unreal Projects/BDC_VR2/BDC_VR2/Content/TargetSphere_Blueprint.uasset" SILENT=true
[2019.10.26-17.59.37:429][282]LogSavePackage: Moving '../../../../../../Users/Codi/Documents/Unreal Projects/BDC_VR2/BDC_VR2/Saved/TargetSphere_Blueprint6B7561BF45F9BD549F0A699F6FBCC855.tmp' to '../../../../../../Users/Codi/Documents/Unreal Projects/BDC_VR2/BDC_VR2/Content/TargetSphere_Blueprint.uasset'
[2019.10.26-17.59.43:161][497]LogSlate: Window 'TargetSphere_Blueprint' being destroyed
[2019.10.26-17.59.43:169][497]LogSlate: Window 'TargetSphere_Blueprint' being destroyed
[2019.10.26-17.59.43:170][497]LogWorld: UWorld::CleanupWorld for World_6, bSessionEnded=true, bCleanupResources=true
[2019.10.26-18.00.20:918][694]LogEditorSessionSummary: EditorSessionSummary sent report. Type=Shutdown, SessionId={33E577E8-48A2-511D-8588-71B4A3ED5F55}
